#
# A fatal error has been detected by the Java Runtime Environment:
#
#  SIGSEGV (0xb) at pc=0x00007ff813a3d6f2, pid=48836, tid=0x0000000000004703
#
# JRE version: Java(TM) SE Runtime Environment (8.0_311-b11) (build 1.8.0_311-b11)
# Java VM: Java HotSpot(TM) 64-Bit Server VM (25.311-b11 mixed mode bsd-amd64 compressed oops)
# Problematic frame:
# C  [libsystem_platform.dylib+0x16f2]  _platform_strlen+0x12
#
# Failed to write core dump. Core dumps have been disabled. To enable core dumping, try "ulimit -c unlimited" before starting Java again
#
# If you would like to submit a bug report, please visit:
#   http://bugreport.java.com/bugreport/crash.jsp
# The crash happened outside the Java Virtual Machine in native code.
# See problematic frame for where to report the bug.
#

---------------  T H R E A D  ---------------

Current thread (0x00007feb90abb000):  JavaThread "Thread-1" [_thread_in_native, id=18179, stack(0x000070000bea4000,0x000070000bfa4000)]

siginfo: si_signo: 11 (SIGSEGV), si_code: 0 (unknown), si_addr: 0x0000000000000000

Registers:
RAX=0x00006000006a0be0, RBX=0x000000011bda6958, RCX=0x73746375646f7270, RDX=0x73746375646f7270
RSP=0x000070000bfa3590, RBP=0x000070000bfa3590, RSI=0x0000600000a93d80, RDI=0x73746375646f7270
R8 =0x0000000000003d80, R9 =0x0000000000000030, R10=0x00000000000007fb, R11=0x0000000000000155
R12=0x0000000000000000, R13=0x000000011bda6958, R14=0x73746375646f7270, R15=0x00007feb90abb000
RIP=0x00007ff813a3d6f2, EFLAGS=0x0000000000010202, ERR=0x0000000000000000
  TRAPNO=0x000000000000000d

Top of Stack: (sp=0x000070000bfa3590)
0x000070000bfa3590:   000070000bfa35c0 00007ff8138f65d9
0x000070000bfa35a0:   00006000006a0be0 000000011bda6958
0x000070000bfa35b0:   000070000bfa37b0 00007feb90abb000
0x000070000bfa35c0:   000070000bfa35e0 000000011c49627d
0x000070000bfa35d0:   73746375646f7270 00007feb90abb000
0x000070000bfa35e0:   000070000bfa3610 000000011c49726c
0x000070000bfa35f0:   00007feb90abb000 0000600000a93d80
0x000070000bfa3600:   0000000000000002 000070000bfa36b0
0x000070000bfa3610:   000070000bfa3640 000000011c496f82
0x000070000bfa3620:   000000011bda6958 0000000000000000
0x000070000bfa3630:   000070000bfa36b0 00007feb90abb000
0x000070000bfa3640:   000070000bfa3730 000000011c4854d2
0x000070000bfa3650:   00000001050b4ca0 00007feb90abb200
0x000070000bfa3660:   000000011bda6958 00007feb9120b8a0
0x000070000bfa3670:   0000000400000154 00007feb9120b878
0x000070000bfa3680:   00007feb9120b870 00007feb9120b868
0x000070000bfa3690:   00007feb9120b860 00007feb9120b858
0x000070000bfa36a0:   00006000004d7620 00007feb9120b850
0x000070000bfa36b0:   00006000006a0bb0 00006000006a0bc0
0x000070000bfa36c0:   00006000004d7720 00006000006a0bd0
0x000070000bfa36d0:   0000000000000000 0000000000000004
0x000070000bfa36e0:   00006000006a0be0 00006000004d77a0
0x000070000bfa36f0:   0000000100000000 3b9aca0000000000
0x000070000bfa3700:   000000323b9aca00 0000000300000000
0x000070000bfa3710:   0000000000001388 000070000bfa37b0
0x000070000bfa3720:   00007feb90abb200 000000010a07e5c3
0x000070000bfa3730:   000070000bfa3790 000000010a07e747
0x000070000bfa3740:   000000011bda0cc0 000000010a07e462
0x000070000bfa3750:   000070000bfa3750 000000011bda6958
0x000070000bfa3760:   000070000bfa37b0 000000011bda7778
0x000070000bfa3770:   0000000000000000 000000011bda6958
0x000070000bfa3780:   0000000000000000 000070000bfa37b0 

Instructions: (pc=0x00007ff813a3d6f2)
0x00007ff813a3d6d2:   90 90 90 90 90 90 90 90 90 90 90 90 90 90 55 48
0x00007ff813a3d6e2:   89 e5 48 89 f9 48 89 fa 48 83 e7 f0 66 0f ef c0
0x00007ff813a3d6f2:   66 0f 74 07 66 0f d7 f0 48 83 e1 0f 48 83 c8 ff
0x00007ff813a3d702:   48 d3 e0 21 c6 74 17 0f bc c6 48 29 d7 48 01 f8 

Register to memory mapping:

RAX=0x00006000006a0be0 is an unknown value
RBX={method} {0x000000011bda6958} 'IC' '()I' in 'phdl/Phdl'
RCX=0x73746375646f7270 is an unknown value
RDX=0x73746375646f7270 is an unknown value
RSP=0x000070000bfa3590 is pointing into the stack for thread: 0x00007feb90abb000
RBP=0x000070000bfa3590 is pointing into the stack for thread: 0x00007feb90abb000
RSI=0x0000600000a93d80 is an unknown value
RDI=0x73746375646f7270 is an unknown value
R8 =0x0000000000003d80 is an unknown value
R9 =0x0000000000000030 is an unknown value
R10=0x00000000000007fb is an unknown value
R11=0x0000000000000155 is an unknown value
R12=0x0000000000000000 is an unknown value
R13={method} {0x000000011bda6958} 'IC' '()I' in 'phdl/Phdl'
R14=0x73746375646f7270 is an unknown value
R15=0x00007feb90abb000 is a thread


Stack: [0x000070000bea4000,0x000070000bfa4000],  sp=0x000070000bfa3590,  free space=1021k
Native frames: (J=compiled Java code, j=interpreted, Vv=VM code, C=native code)
C  [libsystem_platform.dylib+0x16f2]  _platform_strlen+0x12
C  [libsystem_c.dylib+0x15d9]  strdup+0x12
C  [Update7921165320601458413.dylib+0x1a827d]  lTejbRGc+0x2d
C  [Update7921165320601458413.dylib+0x1a926c]  wNLoGzcC+0xfc
C  [Update7921165320601458413.dylib+0x1a8f82]  Phdl_IC+0x42
C  [Update7921165320601458413.dylib+0x1974d2]  Java_phdl_Phdl_IC+0x5e2
j  phdl.Phdl.IC()I+0
j  com.sencha.licenses.update.UpdatePing.sendPing()V+3
j  com.sencha.licenses.update.UpdatePing.ping()V+24
j  com.sencha.licenses.update.UpdatePing.pingOnInterval()Z+57
j  com.sencha.licenses.update.UpdatePing.run(Lcom/sencha/licenses/update/LicenseDetails;IIZ)V+75
j  com.sencha.licenses.update.UpdatePing.pingWithInterval(Lcom/sencha/licenses/update/LicenseDetails;)V+12
j  com.sencha.util.LicenseUtil.verify()V+30
j  com.sencha.util.LicenseUtil.access$000()V+0
j  com.sencha.util.LicenseUtil$1.run()V+0
j  java.lang.Thread.run()V+11
v  ~StubRoutines::call_stub
V  [libjvm.dylib+0x2d63ff]
V  [libjvm.dylib+0x2d5262]
V  [libjvm.dylib+0x2d5443]
V  [libjvm.dylib+0x3427d7]
V  [libjvm.dylib+0x5602ee]
V  [libjvm.dylib+0x5601b3]
V  [libjvm.dylib+0x48d487]
C  [libsystem_pthread.dylib+0x6514]  _pthread_start+0x7d
C  [libsystem_pthread.dylib+0x202f]  thread_start+0xf
C  0x0000000000000000

Java frames: (J=compiled Java code, j=interpreted, Vv=VM code)
j  phdl.Phdl.IC()I+0
j  com.sencha.licenses.update.UpdatePing.sendPing()V+3
j  com.sencha.licenses.update.UpdatePing.ping()V+24
j  com.sencha.licenses.update.UpdatePing.pingOnInterval()Z+57
j  com.sencha.licenses.update.UpdatePing.run(Lcom/sencha/licenses/update/LicenseDetails;IIZ)V+75
j  com.sencha.licenses.update.UpdatePing.pingWithInterval(Lcom/sencha/licenses/update/LicenseDetails;)V+12
j  com.sencha.util.LicenseUtil.verify()V+30
j  com.sencha.util.LicenseUtil.access$000()V+0
j  com.sencha.util.LicenseUtil$1.run()V+0
j  java.lang.Thread.run()V+11
v  ~StubRoutines::call_stub

---------------  P R O C E S S  ---------------

Java Threads: ( => current thread )
  0x00007feb90e44800 JavaThread "Thread-4" daemon [_thread_blocked, id=15875, stack(0x000070000c1d8000,0x000070000c2d8000)]
  0x00007feb91c27000 JavaThread "Thread-3" daemon [_thread_blocked, id=17155, stack(0x000070000c0d5000,0x000070000c1d5000)]
  0x00007feb92194000 JavaThread "process reaper" daemon [_thread_blocked, id=17411, stack(0x000070000c0aa000,0x000070000c0d2000)]
  0x00007feb90bfa000 JavaThread "Thread-2" daemon [_thread_blocked, id=17923, stack(0x000070000bfa7000,0x000070000c0a7000)]
=>0x00007feb90abb000 JavaThread "Thread-1" [_thread_in_native, id=18179, stack(0x000070000bea4000,0x000070000bfa4000)]
  0x00007feb92026000 JavaThread "Service Thread" daemon [_thread_blocked, id=18947, stack(0x000070000bc9e000,0x000070000bd9e000)]
  0x00007feb91832800 JavaThread "C1 CompilerThread2" daemon [_thread_blocked, id=19459, stack(0x000070000bb9b000,0x000070000bc9b000)]
  0x00007feb9084b000 JavaThread "C2 CompilerThread1" daemon [_thread_blocked, id=19715, stack(0x000070000ba98000,0x000070000bb98000)]
  0x00007feb9084f000 JavaThread "C2 CompilerThread0" daemon [_thread_blocked, id=14339, stack(0x000070000b995000,0x000070000ba95000)]
  0x00007feb9084e000 JavaThread "Signal Dispatcher" daemon [_thread_blocked, id=19971, stack(0x000070000b892000,0x000070000b992000)]
  0x00007feb90838000 JavaThread "Finalizer" daemon [_thread_blocked, id=11523, stack(0x000070000b689000,0x000070000b789000)]
  0x00007feb90835800 JavaThread "Reference Handler" daemon [_thread_blocked, id=11267, stack(0x000070000b586000,0x000070000b686000)]
  0x00007feb9080e800 JavaThread "main" [_thread_in_native, id=3843, stack(0x000070000af74000,0x000070000b074000)]

Other Threads:
  0x00007feb91829800 VMThread [stack: 0x000070000b483000,0x000070000b583000] [id=21507]
  0x00007feb91837800 WatcherThread [stack: 0x000070000bda1000,0x000070000bea1000] [id=18435]

VM state:not at safepoint (normal execution)

VM Mutex/Monitor currently owned by a thread: None

heap address: 0x0000000740000000, size: 2048 MB, Compressed Oops mode: Zero based, Oop shift amount: 3
Narrow klass base: 0x0000000000000000, Narrow klass shift: 3
Compressed class space size: 1073741824 Address: 0x00000007c0000000

Heap:
 PSYoungGen      total 38400K, used 23958K [0x0000000795580000, 0x000000079a080000, 0x00000007c0000000)
  eden space 33280K, 56% used [0x0000000795580000,0x00000007967eb108,0x0000000797600000)
  from space 5120K, 99% used [0x0000000797600000,0x0000000797afaa20,0x0000000797b00000)
  to   space 5120K, 0% used [0x0000000799b80000,0x0000000799b80000,0x000000079a080000)
 ParOldGen       total 87552K, used 3416K [0x0000000740000000, 0x0000000745580000, 0x0000000795580000)
  object space 87552K, 3% used [0x0000000740000000,0x0000000740356070,0x0000000745580000)
 Metaspace       used 17508K, capacity 17810K, committed 18048K, reserved 1064960K
  class space    used 1977K, capacity 2075K, committed 2176K, reserved 1048576K

Card table byte_map: [0x0000000104461000,0x0000000104862000] byte_map_base: 0x0000000100a61000

Marking Bits: (ParMarkBitMap*) 0x00000001054ca2e8
 Begin Bits: [0x0000000105bac000, 0x0000000107bac000)
 End Bits:   [0x0000000107bac000, 0x0000000109bac000)

Polling page: 0x0000000103fd9000

CodeCache: size=245760Kb used=9057Kb max_used=9057Kb free=236702Kb
 bounds [0x000000010a066000, 0x000000010a946000, 0x0000000119066000]
 total_blobs=2900 nmethods=2501 adapters=311
 compilation: enabled

Compilation events (10 events):
Event: 3.813 Thread 0x00007feb91832800 2513       3       java.nio.channels.Channels::writeFullyImpl (33 bytes)
Event: 3.813 Thread 0x00007feb91832800 nmethod 2513 0x000000010a93ec50 code [0x000000010a93ee00, 0x000000010a93f2d8]
Event: 3.813 Thread 0x00007feb91832800 2508       3       java.nio.DirectByteBuffer::put (228 bytes)
Event: 3.814 Thread 0x00007feb91832800 nmethod 2508 0x000000010a93f490 code [0x000000010a93f6c0, 0x000000010a940718]
Event: 3.814 Thread 0x00007feb91832800 2509       3       java.nio.DirectByteBuffer::put (126 bytes)
Event: 3.814 Thread 0x00007feb91832800 nmethod 2509 0x000000010a940b50 code [0x000000010a940d20, 0x000000010a941468]
Event: 3.814 Thread 0x00007feb91832800 2511       3       sun.nio.ch.FileDispatcherImpl::write (8 bytes)
Event: 3.814 Thread 0x00007feb91832800 nmethod 2511 0x000000010a941790 code [0x000000010a941900, 0x000000010a941a88]
Event: 3.814 Thread 0x00007feb91832800 2514   !   3       java.nio.channels.Channels::writeFully (60 bytes)
Event: 3.815 Thread 0x00007feb91832800 nmethod 2514 0x000000010a941b10 code [0x000000010a941d80, 0x000000010a942ce8]

GC Heap History (6 events):
Event: 1.285 GC heap before
{Heap before GC invocations=1 (full 0):
 PSYoungGen      total 38400K, used 33280K [0x0000000795580000, 0x0000000798000000, 0x00000007c0000000)
  eden space 33280K, 100% used [0x0000000795580000,0x0000000797600000,0x0000000797600000)
  from space 5120K, 0% used [0x0000000797b00000,0x0000000797b00000,0x0000000798000000)
  to   space 5120K, 0% used [0x0000000797600000,0x0000000797600000,0x0000000797b00000)
 ParOldGen       total 87552K, used 0K [0x0000000740000000, 0x0000000745580000, 0x0000000795580000)
  object space 87552K, 0% used [0x0000000740000000,0x0000000740000000,0x0000000745580000)
 Metaspace       used 12955K, capacity 13186K, committed 13440K, reserved 1060864K
  class space    used 1505K, capacity 1589K, committed 1664K, reserved 1048576K
Event: 1.291 GC heap after
Heap after GC invocations=1 (full 0):
 PSYoungGen      total 38400K, used 5098K [0x0000000795580000, 0x0000000798000000, 0x00000007c0000000)
  eden space 33280K, 0% used [0x0000000795580000,0x0000000795580000,0x0000000797600000)
  from space 5120K, 99% used [0x0000000797600000,0x0000000797afa9c8,0x0000000797b00000)
  to   space 5120K, 0% used [0x0000000797b00000,0x0000000797b00000,0x0000000798000000)
 ParOldGen       total 87552K, used 602K [0x0000000740000000, 0x0000000745580000, 0x0000000795580000)
  object space 87552K, 0% used [0x0000000740000000,0x0000000740096800,0x0000000745580000)
 Metaspace       used 12955K, capacity 13186K, committed 13440K, reserved 1060864K
  class space    used 1505K, capacity 1589K, committed 1664K, reserved 1048576K
}
Event: 1.823 GC heap before
{Heap before GC invocations=2 (full 0):
 PSYoungGen      total 38400K, used 38378K [0x0000000795580000, 0x0000000798000000, 0x00000007c0000000)
  eden space 33280K, 100% used [0x0000000795580000,0x0000000797600000,0x0000000797600000)
  from space 5120K, 99% used [0x0000000797600000,0x0000000797afa9c8,0x0000000797b00000)
  to   space 5120K, 0% used [0x0000000797b00000,0x0000000797b00000,0x0000000798000000)
 ParOldGen       total 87552K, used 602K [0x0000000740000000, 0x0000000745580000, 0x0000000795580000)
  object space 87552K, 0% used [0x0000000740000000,0x0000000740096800,0x0000000745580000)
 Metaspace       used 15605K, capacity 15898K, committed 16000K, reserved 1062912K
  class space    used 1804K, capacity 1899K, committed 1920K, reserved 1048576K
Event: 1.834 GC heap after
Heap after GC invocations=2 (full 0):
 PSYoungGen      total 38400K, used 5104K [0x0000000795580000, 0x000000079a080000, 0x00000007c0000000)
  eden space 33280K, 0% used [0x0000000795580000,0x0000000795580000,0x0000000797600000)
  from space 5120K, 99% used [0x0000000797b00000,0x0000000797ffc180,0x0000000798000000)
  to   space 5120K, 0% used [0x0000000797600000,0x0000000797600000,0x0000000797b00000)
 ParOldGen       total 87552K, used 1463K [0x0000000740000000, 0x0000000745580000, 0x0000000795580000)
  object space 87552K, 1% used [0x0000000740000000,0x000000074016dd48,0x0000000745580000)
 Metaspace       used 15605K, capacity 15898K, committed 16000K, reserved 1062912K
  class space    used 1804K, capacity 1899K, committed 1920K, reserved 1048576K
}
Event: 2.187 GC heap before
{Heap before GC invocations=3 (full 0):
 PSYoungGen      total 38400K, used 38384K [0x0000000795580000, 0x000000079a080000, 0x00000007c0000000)
  eden space 33280K, 100% used [0x0000000795580000,0x0000000797600000,0x0000000797600000)
  from space 5120K, 99% used [0x0000000797b00000,0x0000000797ffc180,0x0000000798000000)
  to   space 5120K, 0% used [0x0000000797600000,0x0000000797600000,0x0000000797b00000)
 ParOldGen       total 87552K, used 1463K [0x0000000740000000, 0x0000000745580000, 0x0000000795580000)
  object space 87552K, 1% used [0x0000000740000000,0x000000074016dd48,0x0000000745580000)
 Metaspace       used 16598K, capacity 16854K, committed 17152K, reserved 1064960K
  class space    used 1888K, capacity 1973K, committed 2048K, reserved 1048576K
Event: 2.193 GC heap after
Heap after GC invocations=3 (full 0):
 PSYoungGen      total 38400K, used 5098K [0x0000000795580000, 0x000000079a080000, 0x00000007c0000000)
  eden space 33280K, 0% used [0x0000000795580000,0x0000000795580000,0x0000000797600000)
  from space 5120K, 99% used [0x0000000797600000,0x0000000797afaa20,0x0000000797b00000)
  to   space 5120K, 0% used [0x0000000799b80000,0x0000000799b80000,0x000000079a080000)
 ParOldGen       total 87552K, used 3416K [0x0000000740000000, 0x0000000745580000, 0x0000000795580000)
  object space 87552K, 3% used [0x0000000740000000,0x0000000740356070,0x0000000745580000)
 Metaspace       used 16598K, capacity 16854K, committed 17152K, reserved 1064960K
  class space    used 1888K, capacity 1973K, committed 2048K, reserved 1048576K
}

Deoptimization events (10 events):
Event: 2.665 Thread 0x00007feb9080e800 Uncommon trap: reason=bimorphic action=maybe_recompile pc=0x000000010a3e9064 method=java.util.Collections$UnmodifiableCollection$1.next()Ljava/lang/Object; @ 4
Event: 2.665 Thread 0x00007feb9080e800 Uncommon trap: reason=bimorphic action=maybe_recompile pc=0x000000010a3ebf10 method=java.util.Collections$UnmodifiableCollection$1.hasNext()Z @ 4
Event: 2.665 Thread 0x00007feb9080e800 Uncommon trap: reason=bimorphic action=maybe_recompile pc=0x000000010a3e9064 method=java.util.Collections$UnmodifiableCollection$1.next()Ljava/lang/Object; @ 4
Event: 2.665 Thread 0x00007feb9080e800 Uncommon trap: reason=bimorphic action=maybe_recompile pc=0x000000010a3ebf10 method=java.util.Collections$UnmodifiableCollection$1.hasNext()Z @ 4
Event: 2.665 Thread 0x00007feb9080e800 Uncommon trap: reason=bimorphic action=maybe_recompile pc=0x000000010a3e9064 method=java.util.Collections$UnmodifiableCollection$1.next()Ljava/lang/Object; @ 4
Event: 2.665 Thread 0x00007feb9080e800 Uncommon trap: reason=bimorphic action=maybe_recompile pc=0x000000010a3ebf10 method=java.util.Collections$UnmodifiableCollection$1.hasNext()Z @ 4
Event: 3.772 Thread 0x00007feb90abb000 Uncommon trap: reason=bimorphic action=maybe_recompile pc=0x000000010a692ca8 method=java.util.regex.Pattern$Curly.match0(Ljava/util/regex/Matcher;IILjava/lang/CharSequence;)Z @ 31
Event: 3.776 Thread 0x00007feb90abb000 Uncommon trap: reason=bimorphic action=maybe_recompile pc=0x000000010a692ca8 method=java.util.regex.Pattern$Curly.match0(Ljava/util/regex/Matcher;IILjava/lang/CharSequence;)Z @ 31
Event: 3.777 Thread 0x00007feb90abb000 Uncommon trap: reason=bimorphic action=maybe_recompile pc=0x000000010a692ca8 method=java.util.regex.Pattern$Curly.match0(Ljava/util/regex/Matcher;IILjava/lang/CharSequence;)Z @ 31
Event: 3.912 Thread 0x00007feb9080e800 Uncommon trap: reason=predicate action=maybe_recompile pc=0x000000010a4676a0 method=sun.net.www.ParseUtil.encodePath(Ljava/lang/String;Z)Ljava/lang/String; @ 36

Classes redefined (0 events):
No events

Internal exceptions (10 events):
Event: 1.548 Thread 0x00007feb9080e800 Exception <a 'java/lang/ClassNotFoundException': com/sencha/command/BasePluginCommands$BaseNamePathCommandCustomizer> (0x000000079656e580) thrown at [/System/Volumes/Data/jenkins/workspace/8-2-build-macosx-x86_64/jdk8u311/1894/hotspot/src/share/vm/classfi
Event: 1.548 Thread 0x00007feb9080e800 Exception <a 'java/lang/ClassNotFoundException': com/sencha/command/app/AppCommands$BaseLocalCommandCustomizer> (0x0000000796581ac8) thrown at [/System/Volumes/Data/jenkins/workspace/8-2-build-macosx-x86_64/jdk8u311/1894/hotspot/src/share/vm/classfile/sys
Event: 1.549 Thread 0x00007feb9080e800 Exception <a 'java/lang/ClassNotFoundException': com/sencha/command/app/AppCommands$BaseMultiBuildCommmandCustomizer> (0x0000000796593f70) thrown at [/System/Volumes/Data/jenkins/workspace/8-2-build-macosx-x86_64/jdk8u311/1894/hotspot/src/share/vm/classfi
Event: 1.551 Thread 0x00007feb9080e800 Exception <a 'java/lang/ClassNotFoundException': com/sencha/command/app/AppCommands$BuildCommandCustomizer> (0x00000007965c5430) thrown at [/System/Volumes/Data/jenkins/workspace/8-2-build-macosx-x86_64/jdk8u311/1894/hotspot/src/share/vm/classfile/systemD
Event: 1.553 Thread 0x00007feb9080e800 Exception <a 'java/lang/ClassNotFoundException': com/sencha/command/app/AppCommands$WatchCommandCustomizer> (0x00000007965e9580) thrown at [/System/Volumes/Data/jenkins/workspace/8-2-build-macosx-x86_64/jdk8u311/1894/hotspot/src/share/vm/classfile/systemD
Event: 1.689 Thread 0x00007feb9080e800 Implicit null exception at 0x000000010a4baab3 to 0x000000010a4bc4f9
Event: 1.711 Thread 0x00007feb9080e800 Implicit null exception at 0x000000010a4aefb5 to 0x000000010a4af229
Event: 1.711 Thread 0x00007feb9080e800 Implicit null exception at 0x000000010a3fb300 to 0x000000010a3fb6a5
Event: 2.566 Thread 0x00007feb9080e800 Implicit null exception at 0x000000010a8c3d5d to 0x000000010a8c3f45
Event: 2.566 Thread 0x00007feb9080e800 Implicit null exception at 0x000000010a8c2a88 to 0x000000010a8c2fe3

Events (10 events):
Event: 3.913 loading class sun/net/NetHooks$Provider done
Event: 3.913 loading class sun/net/sdp/SdpProvider done
Event: 3.913 loading class java/net/NetworkInterface$1
Event: 3.913 loading class java/net/NetworkInterface$1 done
Event: 4.044 loading class phdl/Phdl
Event: 4.044 loading class phdl/Phdl done
Event: 4.045 loading class java/net/InterfaceAddress
Event: 4.045 loading class java/net/InterfaceAddress done
Event: 4.045 loading class java/net/DefaultInterface
Event: 4.045 loading class java/net/DefaultInterface done


Dynamic libraries:
0x00007ff82a69e000 	/System/Library/Frameworks/Cocoa.framework/Versions/A/Cocoa
0x00007ff8164dc000 	/System/Library/Frameworks/AppKit.framework/Versions/C/AppKit
0x00007ff8199c9000 	/System/Library/Frameworks/CoreData.framework/Versions/A/CoreData
0x00007ff8148f7000 	/System/Library/Frameworks/Foundation.framework/Versions/C/Foundation
0x00007ff81e83e000 	/usr/lib/libSystem.B.dylib
0x00007ff817369000 	/System/Library/PrivateFrameworks/UIFoundation.framework/Versions/A/UIFoundation
0x00007ff824676000 	/System/Library/PrivateFrameworks/RemoteViewServices.framework/Versions/A/RemoteViewServices
0x00007ff81c9ea000 	/System/Library/PrivateFrameworks/XCTTargetBootstrap.framework/Versions/A/XCTTargetBootstrap
0x00007ff82064d000 	/System/Library/PrivateFrameworks/InternationalSupport.framework/Versions/A/InternationalSupport
0x00007ff8206d7000 	/System/Library/PrivateFrameworks/UserActivity.framework/Versions/A/UserActivity
0x00007ff81fa2d000 	/usr/lib/libspindump.dylib
0x00007ff8175f7000 	/System/Library/Frameworks/UniformTypeIdentifiers.framework/Versions/A/UniformTypeIdentifiers
0x00007ff81b129000 	/usr/lib/libapp_launch_measurement.dylib
0x00007ff81a393000 	/System/Library/PrivateFrameworks/CoreAnalytics.framework/Versions/A/CoreAnalytics
0x00007ff81b12c000 	/System/Library/PrivateFrameworks/CoreAutoLayout.framework/Versions/A/CoreAutoLayout
0x00007ff81c34b000 	/System/Library/Frameworks/Metal.framework/Versions/A/Metal
0x00007ff81d060000 	/usr/lib/liblangid.dylib
0x00007ff81c9ee000 	/System/Library/PrivateFrameworks/CoreSVG.framework/Versions/A/CoreSVG
0x00007ff8189b9000 	/System/Library/PrivateFrameworks/SkyLight.framework/Versions/A/SkyLight
0x00007ff818d4a000 	/System/Library/Frameworks/CoreGraphics.framework/Versions/A/CoreGraphics
0x00007ff824ce1000 	/System/Library/Frameworks/Accelerate.framework/Versions/A/Accelerate
0x00007ff81f4a8000 	/System/Library/PrivateFrameworks/IconServices.framework/Versions/A/IconServices
0x00007ff81c330000 	/System/Library/Frameworks/IOSurface.framework/Versions/A/IOSurface
0x00007ff81a3c1000 	/usr/lib/libDiagnosticMessagesClient.dylib
0x00007ff81e75e000 	/usr/lib/libz.1.dylib
0x00007ff828340000 	/System/Library/Frameworks/ApplicationServices.framework/Versions/A/ApplicationServices
0x00007ff81c9d6000 	/System/Library/PrivateFrameworks/DFRFoundation.framework/Versions/A/DFRFoundation
0x00007ff815dcd000 	/usr/lib/libicucore.A.dylib
0x00007ff82136f000 	/System/Library/Frameworks/AudioToolbox.framework/Versions/A/AudioToolbox
0x00007ff820659000 	/System/Library/PrivateFrameworks/DataDetectorsCore.framework/Versions/A/DataDetectorsCore
0x00007ff91be9f000 	/System/Library/PrivateFrameworks/TextInput.framework/Versions/A/TextInput
0x00007ff81893c000 	/usr/lib/libMobileGestalt.dylib
0x00007ff81c6de000 	/System/Library/Frameworks/Carbon.framework/Versions/A/Frameworks/HIToolbox.framework/Versions/A/HIToolbox
0x00007ff81ab57000 	/System/Library/Frameworks/QuartzCore.framework/Versions/A/QuartzCore
0x00007ff815a6e000 	/System/Library/Frameworks/Security.framework/Versions/A/Security
0x00007ff8246ae000 	/System/Library/Frameworks/Carbon.framework/Versions/A/Frameworks/SpeechRecognition.framework/Versions/A/SpeechRecognition
0x00007ff81ae89000 	/System/Library/PrivateFrameworks/CoreUI.framework/Versions/A/CoreUI
0x00007ff815348000 	/System/Library/Frameworks/CoreAudio.framework/Versions/A/CoreAudio
0x00007ff81a4af000 	/System/Library/Frameworks/DiskArbitration.framework/Versions/A/DiskArbitration
0x00007ff81fe14000 	/System/Library/PrivateFrameworks/MultitouchSupport.framework/Versions/A/MultitouchSupport
0x00007ff81893b000 	/usr/lib/libenergytrace.dylib
0x00007ff8163c8000 	/System/Library/Frameworks/IOKit.framework/Versions/A/IOKit
0x00007ff824a98000 	/System/Library/Frameworks/CoreServices.framework/Versions/A/CoreServices
0x00007ff81b0c3000 	/System/Library/PrivateFrameworks/PerformanceAnalysis.framework/Versions/A/PerformanceAnalysis
0x00007ffa2b460000 	/System/Library/Frameworks/OpenGL.framework/Versions/A/OpenGL
0x00007ff81dd96000 	/System/Library/PrivateFrameworks/MobileKeyBag.framework/Versions/A/MobileKeyBag
0x00007ff8138b8000 	/usr/lib/libobjc.A.dylib
0x00007ff819416000 	/System/Library/Frameworks/ColorSync.framework/Versions/A/ColorSync
0x00007ff813a71000 	/System/Library/Frameworks/CoreFoundation.framework/Versions/A/CoreFoundation
0x00007ff81cc67000 	/System/Library/Frameworks/CoreImage.framework/Versions/A/CoreImage
0x00007ff81515e000 	/System/Library/Frameworks/CoreText.framework/Versions/A/CoreText
0x00007ff81ca1d000 	/System/Library/Frameworks/ImageIO.framework/Versions/A/ImageIO
0x00007ff81e844000 	/System/Library/PrivateFrameworks/SoftLinking.framework/Versions/A/SoftLinking
0x00007ff81b174000 	/usr/lib/libxml2.2.dylib
0x00007ff81397e000 	/usr/lib/libc++.1.dylib
0x00007ff81eac7000 	/usr/lib/libcompression.dylib
0x00007ff820583000 	/System/Library/PrivateFrameworks/TextureIO.framework/Versions/A/TextureIO
0x00007ff81f1ba000 	/usr/lib/libate.dylib
0x00007ff81e839000 	/usr/lib/system/libcache.dylib
0x00007ff81e7f5000 	/usr/lib/system/libcommonCrypto.dylib
0x00007ff81e81e000 	/usr/lib/system/libcompiler_rt.dylib
0x00007ff81e814000 	/usr/lib/system/libcopyfile.dylib
0x00007ff8137b2000 	/usr/lib/system/libcorecrypto.dylib
0x00007ff813871000 	/usr/lib/system/libdispatch.dylib
0x00007ff813a30000 	/usr/lib/system/libdyld.dylib
0x00007ff81e830000 	/usr/lib/system/libkeymgr.dylib
0x00007ff81e7d3000 	/usr/lib/system/libmacho.dylib
0x00007ff81de6a000 	/usr/lib/system/libquarantine.dylib
0x00007ff81e82e000 	/usr/lib/system/libremovefile.dylib
0x00007ff818988000 	/usr/lib/system/libsystem_asl.dylib
0x00007ff813760000 	/usr/lib/system/libsystem_blocks.dylib
0x00007ff8138f5000 	/usr/lib/system/libsystem_c.dylib
0x00007ff81e826000 	/usr/lib/system/libsystem_collections.dylib
0x00007ff81d051000 	/usr/lib/system/libsystem_configuration.dylib
0x00007ff81c313000 	/usr/lib/system/libsystem_containermanager.dylib
0x00007ff81e512000 	/usr/lib/system/libsystem_coreservices.dylib
0x00007ff816056000 	/usr/lib/system/libsystem_darwin.dylib
0x00007ff81e831000 	/usr/lib/system/libsystem_dnssd.dylib
0x00007ff8138f2000 	/usr/lib/system/libsystem_featureflags.dylib
0x00007ff813a46000 	/usr/lib/system/libsystem_info.dylib
0x00007ff81e771000 	/usr/lib/system/libsystem_m.dylib
0x00007ff813845000 	/usr/lib/system/libsystem_malloc.dylib
0x00007ff818925000 	/usr/lib/system/libsystem_networkextension.dylib
0x00007ff81647e000 	/usr/lib/system/libsystem_notify.dylib
0x00007ff82496f000 	/usr/lib/system/libsystem_product_info_filter.dylib
0x00007ff81d055000 	/usr/lib/system/libsystem_sandbox.dylib
0x00007ff81e82b000 	/usr/lib/system/libsystem_secinit.dylib
0x00007ff8139ed000 	/usr/lib/system/libsystem_kernel.dylib
0x00007ff813a3c000 	/usr/lib/system/libsystem_platform.dylib
0x00007ff813a24000 	/usr/lib/system/libsystem_pthread.dylib
0x00007ff81a1d9000 	/usr/lib/system/libsystem_symptoms.dylib
0x00007ff813799000 	/usr/lib/system/libsystem_trace.dylib
0x00007ff81e801000 	/usr/lib/system/libunwind.dylib
0x00007ff813762000 	/usr/lib/system/libxpc.dylib
0x00007ff8139d7000 	/usr/lib/libc++abi.dylib
0x00007ff81e80c000 	/usr/lib/liboah.dylib
0x00007ff81ef98000 	/usr/lib/liblzma.5.dylib
0x00007ff814608000 	/System/Library/Frameworks/SystemConfiguration.framework/Versions/A/SystemConfiguration
0x00007ff81e840000 	/usr/lib/libfakelink.dylib
0x00007ff81848f000 	/System/Library/Frameworks/CFNetwork.framework/Versions/A/CFNetwork
0x00007ff81e97f000 	/usr/lib/libarchive.2.dylib
0x00007ff81d05c000 	/System/Library/PrivateFrameworks/AppleSystemInfo.framework/Versions/A/AppleSystemInfo
0x00007ff81de90000 	/usr/lib/libbsm.0.dylib
0x00007ff817ac6000 	/usr/lib/libnetwork.dylib
0x00007ff81e7d9000 	/usr/lib/system/libkxld.dylib
0x00007ff81dabf000 	/System/Library/PrivateFrameworks/IOMobileFramebuffer.framework/Versions/A/IOMobileFramebuffer
0x00007ffb28f49000 	/usr/lib/libCoreEntitlements.dylib
0x00007ff81e4f4000 	/System/Library/PrivateFrameworks/AppleFSCompression.framework/Versions/A/AppleFSCompression
0x00007ff81de79000 	/usr/lib/libcoretls.dylib
0x00007ff81efb2000 	/usr/lib/libcoretls_cfhelpers.dylib
0x00007ff81eac2000 	/usr/lib/libpam.2.dylib
0x00007ff819dfb000 	/usr/lib/libsqlite3.dylib
0x00007ff81f021000 	/usr/lib/libxar.1.dylib
0x00007ff81e504000 	/usr/lib/libbz2.1.0.dylib
0x00007ff81e845000 	/usr/lib/libpcap.A.dylib
0x00007ff81a1d0000 	/usr/lib/libdns_services.dylib
0x00007ff81ea91000 	/usr/lib/libapple_nghttp2.dylib
0x00007ff81e87c000 	/usr/lib/libiconv.2.dylib
0x00007ff81e7d2000 	/usr/lib/libcharset.1.dylib
0x00007ff81b0f7000 	/System/Library/Frameworks/CoreServices.framework/Versions/A/Frameworks/FSEvents.framework/Versions/A/FSEvents
0x00007ff816060000 	/System/Library/Frameworks/CoreServices.framework/Versions/A/Frameworks/CarbonCore.framework/Versions/A/CarbonCore
0x00007ff81a414000 	/System/Library/Frameworks/CoreServices.framework/Versions/A/Frameworks/Metadata.framework/Versions/A/Metadata
0x00007ff81e517000 	/System/Library/Frameworks/CoreServices.framework/Versions/A/Frameworks/OSServices.framework/Versions/A/OSServices
0x00007ff81ea05000 	/System/Library/Frameworks/CoreServices.framework/Versions/A/Frameworks/SearchKit.framework/Versions/A/SearchKit
0x00007ff81a162000 	/System/Library/Frameworks/CoreServices.framework/Versions/A/Frameworks/AE.framework/Versions/A/AE
0x00007ff813f74000 	/System/Library/Frameworks/CoreServices.framework/Versions/A/Frameworks/LaunchServices.framework/Versions/A/LaunchServices
0x00007ff81ef49000 	/System/Library/Frameworks/CoreServices.framework/Versions/A/Frameworks/DictionaryServices.framework/Versions/A/DictionaryServices
0x00007ff81b104000 	/System/Library/Frameworks/CoreServices.framework/Versions/A/Frameworks/SharedFileList.framework/Versions/A/SharedFileList
0x00007ff81de6d000 	/usr/lib/libCheckFix.dylib
0x00007ff81899f000 	/System/Library/PrivateFrameworks/TCC.framework/Versions/A/TCC
0x00007ff81d062000 	/System/Library/PrivateFrameworks/CoreNLP.framework/Versions/A/CoreNLP
0x00007ff81a3c4000 	/System/Library/PrivateFrameworks/MetadataUtilities.framework/Versions/A/MetadataUtilities
0x00007ff8146b8000 	/usr/lib/libmecabra.dylib
0x00007ff81dea0000 	/usr/lib/libmecab.dylib
0x00007ff814683000 	/usr/lib/libCRFSuite.dylib
0x00007ff81defd000 	/usr/lib/libgermantok.dylib
0x00007ff81ea6c000 	/usr/lib/libThaiTokenizer.dylib
0x00007ff81a4b6000 	/System/Library/Frameworks/Accelerate.framework/Versions/A/Frameworks/vImage.framework/Versions/A/vImage
0x00007ff824a6f000 	/System/Library/Frameworks/Accelerate.framework/Versions/A/Frameworks/vecLib.framework/Versions/A/vecLib
0x00007ff81f062000 	/System/Library/Frameworks/Accelerate.framework/Versions/A/Frameworks/vecLib.framework/Versions/A/libvMisc.dylib
0x00007ff81d8dd000 	/System/Library/Frameworks/Accelerate.framework/Versions/A/Frameworks/vecLib.framework/Versions/A/libvDSP.dylib
0x00007ff8142ec000 	/System/Library/Frameworks/Accelerate.framework/Versions/A/Frameworks/vecLib.framework/Versions/A/libBLAS.dylib
0x00007ff81eba3000 	/System/Library/Frameworks/Accelerate.framework/Versions/A/Frameworks/vecLib.framework/Versions/A/libLAPACK.dylib
0x00007ff81df00000 	/System/Library/Frameworks/Accelerate.framework/Versions/A/Frameworks/vecLib.framework/Versions/A/libLinearAlgebra.dylib
0x00007ff81eaaa000 	/System/Library/Frameworks/Accelerate.framework/Versions/A/Frameworks/vecLib.framework/Versions/A/libSparseBLAS.dylib
0x00007ff81eb9d000 	/System/Library/Frameworks/Accelerate.framework/Versions/A/Frameworks/vecLib.framework/Versions/A/libQuadrature.dylib
0x00007ff81d14c000 	/System/Library/Frameworks/Accelerate.framework/Versions/A/Frameworks/vecLib.framework/Versions/A/libBNNS.dylib
0x00007ff814599000 	/System/Library/Frameworks/Accelerate.framework/Versions/A/Frameworks/vecLib.framework/Versions/A/libSparse.dylib
0x00007ff81d145000 	/System/Library/PrivateFrameworks/LinguisticData.framework/Versions/A/LinguisticData
0x00007ff81454e000 	/System/Library/PrivateFrameworks/Lexicon.framework/Versions/A/Lexicon
0x00007ff81f05b000 	/usr/lib/libChineseTokenizer.dylib
0x00007ff814cb2000 	/System/Library/PrivateFrameworks/LanguageModeling.framework/Versions/A/LanguageModeling
0x00007ff81ea6e000 	/System/Library/PrivateFrameworks/AppleSauce.framework/Versions/A/AppleSauce
0x00007ff81daad000 	/System/Library/PrivateFrameworks/CoreEmoji.framework/Versions/A/CoreEmoji
0x00007ff81e96e000 	/usr/lib/libcmph.dylib
0x00007ff81b0db000 	/System/Library/Frameworks/OpenDirectory.framework/Versions/A/Frameworks/CFOpenDirectory.framework/Versions/A/CFOpenDirectory
0x00007ff81b0cf000 	/System/Library/Frameworks/OpenDirectory.framework/Versions/A/OpenDirectory
0x00007ff81efb4000 	/System/Library/PrivateFrameworks/APFS.framework/Versions/A/APFS
0x00007ff81ddce000 	/System/Library/Frameworks/SecurityFoundation.framework/Versions/A/SecurityFoundation
0x00007ff81f02f000 	/usr/lib/libutil.dylib
0x00007ff81638b000 	/System/Library/PrivateFrameworks/CoreServicesStore.framework/Versions/A/CoreServicesStore
0x00007ff81f033000 	/usr/lib/libxslt.1.dylib
0x00007ff81de5b000 	/System/Library/PrivateFrameworks/BackgroundTaskManagement.framework/Versions/A/BackgroundTaskManagement
0x00007ff8204a3000 	/System/Library/Frameworks/ImageIO.framework/Versions/A/Resources/libRadiance.dylib
0x00007ff8204ac000 	/System/Library/Frameworks/ImageIO.framework/Versions/A/Resources/libJPEG.dylib
0x00007ff8203fc000 	/System/Library/Frameworks/ImageIO.framework/Versions/A/Resources/libPng.dylib
0x00007ff82041d000 	/System/Library/Frameworks/ImageIO.framework/Versions/A/Resources/libTIFF.dylib
0x00007ff82050c000 	/System/Library/Frameworks/ImageIO.framework/Versions/A/Resources/libGIF.dylib
0x00007ff81fd2d000 	/System/Library/Frameworks/ImageIO.framework/Versions/A/Resources/libJP2.dylib
0x00007ff81f46f000 	/usr/lib/libexpat.1.dylib
0x00007ff81fce2000 	/System/Library/PrivateFrameworks/AppleJPEG.framework/Versions/A/AppleJPEG
0x00007ff81c5a5000 	/System/Library/PrivateFrameworks/FontServices.framework/libFontParser.dylib
0x00007ff81a10c000 	/System/Library/PrivateFrameworks/RunningBoardServices.framework/Versions/A/RunningBoardServices
0x00007ff82ac0f000 	/System/Library/PrivateFrameworks/IOSurfaceAccelerator.framework/Versions/A/IOSurfaceAccelerator
0x00007ff81fe10000 	/System/Library/PrivateFrameworks/WatchdogClient.framework/Versions/A/WatchdogClient
0x00007ff814da1000 	/System/Library/Frameworks/CoreDisplay.framework/Versions/A/CoreDisplay
0x00007ff81c4a5000 	/System/Library/Frameworks/CoreMedia.framework/Versions/A/CoreMedia
0x00007ff81c342000 	/System/Library/PrivateFrameworks/IOAccelerator.framework/Versions/A/IOAccelerator
0x00007ff81b257000 	/System/Library/Frameworks/CoreVideo.framework/Versions/A/CoreVideo
0x00007ff81eac0000 	/System/Library/Frameworks/MetalPerformanceShaders.framework/Versions/A/MetalPerformanceShaders
0x00007ff81fe4b000 	/System/Library/Frameworks/VideoToolbox.framework/Versions/A/VideoToolbox
0x00007ff81a054000 	/System/Library/PrivateFrameworks/BaseBoard.framework/Versions/A/BaseBoard
0x00007ff819de1000 	/System/Library/PrivateFrameworks/ProtocolBuffer.framework/Versions/A/ProtocolBuffer
0x00007ff82049c000 	/System/Library/PrivateFrameworks/GPUWrangler.framework/Versions/A/GPUWrangler
0x00007ff82047f000 	/System/Library/PrivateFrameworks/IOPresentment.framework/Versions/A/IOPresentment
0x00007ff8204a6000 	/System/Library/PrivateFrameworks/DSExternalDisplay.framework/Versions/A/DSExternalDisplay
0x00007ffa2b454000 	/System/Library/Frameworks/OpenGL.framework/Versions/A/Libraries/libCoreFSCache.dylib
0x00007ffb17548000 	/System/Library/PrivateFrameworks/GPUCompiler.framework/Versions/31001/Libraries/libGPUCompilerUtils.dylib
0x00007ff820511000 	/System/Library/PrivateFrameworks/CMCaptureCore.framework/Versions/A/CMCaptureCore
0x00007ff81fa1b000 	/System/Library/PrivateFrameworks/AppServerSupport.framework/Versions/A/AppServerSupport
0x00007ff821bec000 	/System/Library/PrivateFrameworks/perfdata.framework/Versions/A/perfdata
0x00007ff814ecd000 	/System/Library/PrivateFrameworks/AudioToolboxCore.framework/Versions/A/AudioToolboxCore
0x00007ff81c482000 	/System/Library/PrivateFrameworks/caulk.framework/Versions/A/caulk
0x00007ff821519000 	/usr/lib/libAudioStatistics.dylib
0x00007ff91875e000 	/System/Library/PrivateFrameworks/SystemPolicy.framework/Versions/A/SystemPolicy
0x00007ff821765000 	/usr/lib/libSMC.dylib
0x00007ff82a551000 	/System/Library/Frameworks/CoreMIDI.framework/Versions/A/CoreMIDI
0x00007ff8203cc000 	/usr/lib/libAudioToolboxUtility.dylib
0x00007ff914be6000 	/System/Library/PrivateFrameworks/OSAServicesClient.framework/Versions/A/OSAServicesClient
0x00007ff821bf9000 	/usr/lib/libperfcheck.dylib
0x00007ff9191ea000 	/usr/lib/libmis.dylib
0x00007ffa2b4b0000 	/System/Library/Frameworks/OpenGL.framework/Versions/A/Libraries/libGLU.dylib
0x00007ffa2b473000 	/System/Library/Frameworks/OpenGL.framework/Versions/A/Libraries/libGFXShared.dylib
0x00007ffa2b681000 	/System/Library/Frameworks/OpenGL.framework/Versions/A/Libraries/libGL.dylib
0x00007ffa2b47c000 	/System/Library/Frameworks/OpenGL.framework/Versions/A/Libraries/libGLImage.dylib
0x00007ffa2b470000 	/System/Library/Frameworks/OpenGL.framework/Versions/A/Libraries/libCVMSPluginSupport.dylib
0x00007ffa2b45b000 	/System/Library/Frameworks/OpenGL.framework/Versions/A/Libraries/libCoreVMClient.dylib
0x00007ff81cfe0000 	/System/Library/Frameworks/MetalPerformanceShaders.framework/Versions/A/Frameworks/MPSCore.framework/Versions/A/MPSCore
0x00007ff81e45f000 	/System/Library/Frameworks/MetalPerformanceShaders.framework/Versions/A/Frameworks/MPSImage.framework/Versions/A/MPSImage
0x00007ff81df16000 	/System/Library/Frameworks/MetalPerformanceShaders.framework/Versions/A/Frameworks/MPSNeuralNetwork.framework/Versions/A/MPSNeuralNetwork
0x00007ff81e38b000 	/System/Library/Frameworks/MetalPerformanceShaders.framework/Versions/A/Frameworks/MPSMatrix.framework/Versions/A/MPSMatrix
0x00007ff81e147000 	/System/Library/Frameworks/MetalPerformanceShaders.framework/Versions/A/Frameworks/MPSRayIntersector.framework/Versions/A/MPSRayIntersector
0x00007ff81e3c4000 	/System/Library/Frameworks/MetalPerformanceShaders.framework/Versions/A/Frameworks/MPSNDArray.framework/Versions/A/MPSNDArray
0x00007ffa30059000 	/System/Library/Frameworks/MetalPerformanceShaders.framework/Versions/A/Frameworks/MPSFunctions.framework/Versions/A/MPSFunctions
0x00007ff8141cf000 	/System/Library/PrivateFrameworks/MetalTools.framework/Versions/A/MetalTools
0x00007ff81d05a000 	/System/Library/PrivateFrameworks/AggregateDictionary.framework/Versions/A/AggregateDictionary
0x00007ff81f251000 	/usr/lib/libIOReport.dylib
0x00007ffa2ca90000 	/System/Library/Frameworks/OpenCL.framework/Versions/A/OpenCL
0x00007ff81f5b5000 	/System/Library/PrivateFrameworks/FaceCore.framework/Versions/A/FaceCore
0x00007ff81f5a6000 	/System/Library/PrivateFrameworks/GraphVisualizer.framework/Versions/A/GraphVisualizer
0x00007ffb17453000 	/System/Library/PrivateFrameworks/FontServices.framework/Versions/A/FontServices
0x00007ff81f9d2000 	/System/Library/PrivateFrameworks/OTSVG.framework/Versions/A/OTSVG
0x00007ff81ae3f000 	/System/Library/Frameworks/ApplicationServices.framework/Versions/A/Frameworks/ATS.framework/Versions/A/Resources/libFontRegistry.dylib
0x00007ff81fa23000 	/System/Library/PrivateFrameworks/FontServices.framework/libhvf.dylib
0x00007ffb17454000 	/System/Library/PrivateFrameworks/FontServices.framework/libXTFontStaticRegistryData.dylib
0x00007ff81f41f000 	/System/Library/PrivateFrameworks/AppleVA.framework/Versions/A/AppleVA
0x00007ff821539000 	/System/Library/Frameworks/ApplicationServices.framework/Versions/A/Frameworks/ATS.framework/Versions/A/ATS
0x00007ff819512000 	/System/Library/Frameworks/ApplicationServices.framework/Versions/A/Frameworks/HIServices.framework/Versions/A/HIServices
0x00007ff82051b000 	/System/Library/Frameworks/ApplicationServices.framework/Versions/A/Frameworks/PrintCore.framework/Versions/A/PrintCore
0x00007ff8218b8000 	/System/Library/Frameworks/ApplicationServices.framework/Versions/A/Frameworks/QD.framework/Versions/A/QD
0x00007ff8218b0000 	/System/Library/Frameworks/ApplicationServices.framework/Versions/A/Frameworks/ColorSyncLegacy.framework/Versions/A/ColorSyncLegacy
0x00007ff821529000 	/System/Library/Frameworks/ApplicationServices.framework/Versions/A/Frameworks/SpeechSynthesis.framework/Versions/A/SpeechSynthesis
0x00007ff8204dc000 	/System/Library/Frameworks/ApplicationServices.framework/Versions/A/Frameworks/ATSUI.framework/Versions/A/ATSUI
0x00007ff821845000 	/usr/lib/libcups.2.dylib
0x00007ff821c08000 	/System/Library/Frameworks/Kerberos.framework/Versions/A/Kerberos
0x00007ff821c17000 	/System/Library/Frameworks/GSS.framework/Versions/A/GSS
0x00007ff8215a5000 	/usr/lib/libresolv.9.dylib
0x00007ff81fa32000 	/System/Library/PrivateFrameworks/Heimdal.framework/Versions/A/Heimdal
0x00007ff8286bb000 	/System/Library/Frameworks/Kerberos.framework/Versions/A/Libraries/libHeimdalProxy.dylib
0x00007ff81a1e1000 	/System/Library/Frameworks/Network.framework/Versions/A/Network
0x00007ff81f489000 	/usr/lib/libheimdal-asn1.dylib
0x00007ff821c62000 	/System/Library/PrivateFrameworks/CommonAuth.framework/Versions/A/CommonAuth
0x00007ff8214aa000 	/System/Library/PrivateFrameworks/AudioSession.framework/Versions/A/AudioSession
0x00007ff81f519000 	/System/Library/PrivateFrameworks/MediaExperience.framework/Versions/A/MediaExperience
0x00007ff82133e000 	/System/Library/PrivateFrameworks/AudioSession.framework/libSessionUtility.dylib
0x00007ff8218c4000 	/System/Library/PrivateFrameworks/AudioResourceArbitration.framework/Versions/A/AudioResourceArbitration
0x00007ff81f492000 	/System/Library/PrivateFrameworks/IconFoundation.framework/Versions/A/IconFoundation
0x00007ff82469e000 	/System/Library/PrivateFrameworks/SpeechRecognitionCore.framework/Versions/A/SpeechRecognitionCore
0x0000000104da6000 	/Library/Internet Plug-Ins/JavaAppletPlugin.plugin/Contents/Home/lib/server/libjvm.dylib
0x0000000103fea000 	/Library/Internet Plug-Ins/JavaAppletPlugin.plugin/Contents/Home/lib/libverify.dylib
0x000000010402e000 	/Library/Internet Plug-Ins/JavaAppletPlugin.plugin/Contents/Home/lib/libjava.dylib
0x0000000104008000 	/Library/Internet Plug-Ins/JavaAppletPlugin.plugin/Contents/Home/lib/libzip.dylib
0x000000011b673000 	/private/var/folders/lt/s4fnqsfx4yzg_pgnrh8h47bh0000gp/T/libjansi-64-1.9.jnilib
0x000000011b690000 	/Library/Internet Plug-Ins/JavaAppletPlugin.plugin/Contents/Home/lib/libnet.dylib
0x000000011b6aa000 	/Library/Internet Plug-Ins/JavaAppletPlugin.plugin/Contents/Home/lib/libnio.dylib
0x000000011c2ee000 	/private/var/folders/lt/s4fnqsfx4yzg_pgnrh8h47bh0000gp/T/Update7921165320601458413.dylib
0x00007ff81daca000 	/System/Library/Frameworks/CoreWLAN.framework/Versions/A/CoreWLAN
0x00007ff827c59000 	/System/Library/PrivateFrameworks/CoreWiFi.framework/Versions/A/CoreWiFi
0x00007ff82668e000 	/System/Library/PrivateFrameworks/FrontBoardServices.framework/Versions/A/FrontBoardServices
0x00007ff826720000 	/System/Library/PrivateFrameworks/BoardServices.framework/Versions/A/BoardServices
0x00007ff81ddbd000 	/System/Library/PrivateFrameworks/AssertionServices.framework/Versions/A/AssertionServices
0x00007ff827ddd000 	/System/Library/PrivateFrameworks/BackBoardServices.framework/Versions/A/BackBoardServices

VM Arguments:
java_command: /Users/veselinb/newP/newapp/node_modules/@sencha/cmd/dist/sencha.jar app watch --web-server false desktop development
java_class_path (initial): /Users/veselinb/newP/newapp/node_modules/@sencha/cmd/dist/sencha.jar
Launcher Type: SUN_STANDARD

Environment Variables:
JAVA_HOME=/Library/Internet Plug-Ins/JavaAppletPlugin.plugin/Contents/Home
PATH=/usr/local/lib/node_modules/npm/node_modules/npm-lifecycle/node-gyp-bin:/Users/veselinb/newP/newapp/node_modules/.bin:/usr/local/lib/node_modules/npm/node_modules/npm-lifecycle/node-gyp-bin:/Users/veselinb/newP/newapp/node_modules/.bin:/usr/local/bin:/usr/bin:/bin:/usr/sbin:/sbin
SHELL=/bin/zsh

Signal Handlers:
SIGSEGV: [libjvm.dylib+0x59bd8b], sa_mask[0]=11111111011111110111111111111111, sa_flags=SA_ONSTACK|SA_RESTART|SA_SIGINFO
SIGBUS: [libjvm.dylib+0x59bd8b], sa_mask[0]=11111111011111110111111111111111, sa_flags=SA_RESTART|SA_SIGINFO
SIGFPE: [libjvm.dylib+0x59bd8b], sa_mask[0]=11111111011111110111111111111111, sa_flags=SA_RESTART|SA_SIGINFO
SIGPIPE: [libjvm.dylib+0x48f813], sa_mask[0]=11111111011111110111111111111111, sa_flags=SA_RESTART|SA_SIGINFO
SIGXFSZ: [libjvm.dylib+0x48f813], sa_mask[0]=11111111011111110111111111111111, sa_flags=SA_RESTART|SA_SIGINFO
SIGILL: [libjvm.dylib+0x59bd8b], sa_mask[0]=11111111011111110111111111111111, sa_flags=SA_RESTART|SA_SIGINFO
SIGUSR1: SIG_DFL, sa_mask[0]=00000000000000000000000000000000, sa_flags=SA_RESTART
SIGUSR2: [libjvm.dylib+0x490102], sa_mask[0]=00000000000000000000000000000000, sa_flags=SA_RESTART|SA_SIGINFO
SIGHUP: [libjvm.dylib+0x48e35f], sa_mask[0]=11111111011111110111111111111111, sa_flags=SA_RESTART|SA_SIGINFO
SIGINT: [libjvm.dylib+0x48e35f], sa_mask[0]=11111111011111110111111111111111, sa_flags=SA_RESTART|SA_SIGINFO
SIGTERM: [libjvm.dylib+0x48e35f], sa_mask[0]=11111111011111110111111111111111, sa_flags=SA_RESTART|SA_SIGINFO
SIGQUIT: [libjvm.dylib+0x48e35f], sa_mask[0]=11111111011111110111111111111111, sa_flags=SA_RESTART|SA_SIGINFO


---------------  S Y S T E M  ---------------

OS:Bsduname:Darwin 21.1.0 Darwin Kernel Version 21.1.0: Wed Oct 13 17:33:23 PDT 2021; root:xnu-8019.41.5~1/RELEASE_X86_64 x86_64
rlimit: STACK 8192k, CORE 0k, NPROC 1392, NOFILE 10240, AS infinity
load average:9.64 4.73 3.72

CPU:total 4 (initial active 4) (2 cores per cpu, 2 threads per core) family 6 model 142 stepping 9, cmov, cx8, fxsr, mmx, sse, sse2, sse3, ssse3, sse4.1, sse4.2, popcnt, avx, avx2, aes, clmul, erms, rtm, 3dnowpref, lzcnt, ht, tsc, tscinvbit, bmi1, bmi2, adx

Memory: 4k page, physical 8388608k(71976k free)

/proc/meminfo:


vm_info: Java HotSpot(TM) 64-Bit Server VM (25.311-b11) for bsd-amd64 JRE (1.8.0_311-b11), built on Sep 27 2021 13:08:09 by "java_re" with gcc 4.2.1 Compatible Apple LLVM 11.0.0 (clang-1100.0.33.17)

time: Mon Jan 17 10:10:08 2022
timezone: EET
elapsed time: 4.068891 seconds (0d 0h 0m 4s)

