#
# A fatal error has been detected by the Java Runtime Environment:
#
#  SIGSEGV (0xb) at pc=0x00007ff804f6f6f2, pid=724, tid=0x0000000000004603
#
# JRE version: Java(TM) SE Runtime Environment (8.0_311-b11) (build 1.8.0_311-b11)
# Java VM: Java HotSpot(TM) 64-Bit Server VM (25.311-b11 mixed mode bsd-amd64 compressed oops)
# Problematic frame:
# C  [libsystem_platform.dylib+0x16f2]  _platform_strlen+0x12
#
# Failed to write core dump. Core dumps have been disabled. To enable core dumping, try "ulimit -c unlimited" before starting Java again
#
# If you would like to submit a bug report, please visit:
#   http://bugreport.java.com/bugreport/crash.jsp
# The crash happened outside the Java Virtual Machine in native code.
# See problematic frame for where to report the bug.
#

---------------  T H R E A D  ---------------

Current thread (0x00007f7fc3b45800):  JavaThread "Thread-1" [_thread_in_native, id=17923, stack(0x0000700004aa3000,0x0000700004ba3000)]

siginfo: si_signo: 11 (SIGSEGV), si_code: 0 (unknown), si_addr: 0x0000000000000000

Registers:
RAX=0x0000600002160310, RBX=0x0000000122c110c0, RCX=0x64666421332a6148, RDX=0x64666421332a6148
RSP=0x0000700004ba2590, RBP=0x0000700004ba2590, RSI=0x0000600002d01200, RDI=0x64666421332a6140
R8 =0x0000000000001200, R9 =0x0000000000000030, R10=0x00000000000007fb, R11=0x0000000000000155
R12=0x0000000000000000, R13=0x0000000122c110c0, R14=0x64666421332a6148, R15=0x00007f7fc3b45800
RIP=0x00007ff804f6f6f2, EFLAGS=0x0000000000010202, ERR=0x0000000000000000
  TRAPNO=0x000000000000000d

Top of Stack: (sp=0x0000700004ba2590)
0x0000700004ba2590:   0000700004ba25c0 00007ff804e285d9
0x0000700004ba25a0:   0000600002160310 0000000122c110c0
0x0000700004ba25b0:   0000700004ba27a8 00007f7fc3b45800
0x0000700004ba25c0:   0000700004ba25e0 00000001233a327d
0x0000700004ba25d0:   64666421332a6148 00007f7fc3b45800
0x0000700004ba25e0:   0000700004ba2610 00000001233a426c
0x0000700004ba25f0:   00007f7fc3b45800 0000600002d01200
0x0000700004ba2600:   0000000000000002 0000700004ba26b0
0x0000700004ba2610:   0000700004ba2640 00000001233a3f82
0x0000700004ba2620:   0000000122c110c0 0000000000000000
0x0000700004ba2630:   0000700004ba26b0 00007f7fc3b45800
0x0000700004ba2640:   0000700004ba2730 00000001233924d2
0x0000700004ba2650:   000000010b4a9ca0 00007f7fc3b45a00
0x0000700004ba2660:   0000000122c110c0 00007f7fc2a171b0
0x0000700004ba2670:   0000000400000154 00007f7fc2a17188
0x0000700004ba2680:   00007f7fc2a17180 00007f7fc2a17178
0x0000700004ba2690:   00007f7fc2a17170 00007f7fc2a17168
0x0000700004ba26a0:   000060000239ac40 00007f7fc2a17160
0x0000700004ba26b0:   0000600002160300 00006000021602e0
0x0000700004ba26c0:   000060000239ad60 00006000021602d0
0x0000700004ba26d0:   0000000000000000 0000000000000004
0x0000700004ba26e0:   0000600002160310 000060000239ade0
0x0000700004ba26f0:   0000000100000000 3b9aca0000000000
0x0000700004ba2700:   000000323b9aca00 0000000300000000
0x0000700004ba2710:   0000000000001388 0000700004ba27a8
0x0000700004ba2720:   00007f7fc3b45a00 000000010d7c25c3
0x0000700004ba2730:   0000700004ba2788 000000010d7c2747
0x0000700004ba2740:   000000010d7c2462 0000700004ba2748
0x0000700004ba2750:   0000000122c110c0 0000700004ba27a8
0x0000700004ba2760:   0000000122c11ee0 0000000000000000
0x0000700004ba2770:   0000000122c110c0 0000000000000000
0x0000700004ba2780:   0000700004ba27a8 0000700004ba27f0 

Instructions: (pc=0x00007ff804f6f6f2)
0x00007ff804f6f6d2:   90 90 90 90 90 90 90 90 90 90 90 90 90 90 55 48
0x00007ff804f6f6e2:   89 e5 48 89 f9 48 89 fa 48 83 e7 f0 66 0f ef c0
0x00007ff804f6f6f2:   66 0f 74 07 66 0f d7 f0 48 83 e1 0f 48 83 c8 ff
0x00007ff804f6f702:   48 d3 e0 21 c6 74 17 0f bc c6 48 29 d7 48 01 f8 

Register to memory mapping:

RAX=0x0000600002160310 is an unknown value
RBX={method} {0x0000000122c110c0} 'IC' '()I' in 'phdl/Phdl'
RCX=0x64666421332a6148 is an unknown value
RDX=0x64666421332a6148 is an unknown value
RSP=0x0000700004ba2590 is pointing into the stack for thread: 0x00007f7fc3b45800
RBP=0x0000700004ba2590 is pointing into the stack for thread: 0x00007f7fc3b45800
RSI=0x0000600002d01200 is an unknown value
RDI=0x64666421332a6140 is an unknown value
R8 =0x0000000000001200 is an unknown value
R9 =0x0000000000000030 is an unknown value
R10=0x00000000000007fb is an unknown value
R11=0x0000000000000155 is an unknown value
R12=0x0000000000000000 is an unknown value
R13={method} {0x0000000122c110c0} 'IC' '()I' in 'phdl/Phdl'
R14=0x64666421332a6148 is an unknown value
R15=0x00007f7fc3b45800 is a thread


Stack: [0x0000700004aa3000,0x0000700004ba3000],  sp=0x0000700004ba2590,  free space=1021k
Native frames: (J=compiled Java code, j=interpreted, Vv=VM code, C=native code)
C  [libsystem_platform.dylib+0x16f2]  _platform_strlen+0x12
C  [libsystem_c.dylib+0x15d9]  strdup+0x12
C  [Update486848910517072049.dylib+0x1a827d]  lTejbRGc+0x2d
C  [Update486848910517072049.dylib+0x1a926c]  wNLoGzcC+0xfc
C  [Update486848910517072049.dylib+0x1a8f82]  Phdl_IC+0x42
C  [Update486848910517072049.dylib+0x1974d2]  Java_phdl_Phdl_IC+0x5e2
j  phdl.Phdl.IC()I+0
j  com.sencha.licenses.update.UpdatePing.sendPing()V+3
j  com.sencha.licenses.update.UpdatePing.ping()V+24
j  com.sencha.licenses.update.UpdatePing.pingOnEveryOtherMonday()V+44
j  com.sencha.licenses.update.UpdatePing.run(Lcom/sencha/licenses/update/LicenseDetails;IIZ)V+82
j  com.sencha.licenses.update.UpdatePing.pingWithInterval(Lcom/sencha/licenses/update/LicenseDetails;)V+12
j  com.sencha.util.LicenseUtil.verify()V+30
j  com.sencha.util.LicenseUtil.access$000()V+0
j  com.sencha.util.LicenseUtil$1.run()V+0
j  java.lang.Thread.run()V+11
v  ~StubRoutines::call_stub
V  [libjvm.dylib+0x2d63ff]
V  [libjvm.dylib+0x2d5262]
V  [libjvm.dylib+0x2d5443]
V  [libjvm.dylib+0x3427d7]
V  [libjvm.dylib+0x5602ee]
V  [libjvm.dylib+0x5601b3]
V  [libjvm.dylib+0x48d487]
C  [libsystem_pthread.dylib+0x64f4]  _pthread_start+0x7d
C  [libsystem_pthread.dylib+0x200f]  thread_start+0xf
C  0x0000000000000000

Java frames: (J=compiled Java code, j=interpreted, Vv=VM code)
j  phdl.Phdl.IC()I+0
j  com.sencha.licenses.update.UpdatePing.sendPing()V+3
j  com.sencha.licenses.update.UpdatePing.ping()V+24
j  com.sencha.licenses.update.UpdatePing.pingOnEveryOtherMonday()V+44
j  com.sencha.licenses.update.UpdatePing.run(Lcom/sencha/licenses/update/LicenseDetails;IIZ)V+82
j  com.sencha.licenses.update.UpdatePing.pingWithInterval(Lcom/sencha/licenses/update/LicenseDetails;)V+12
j  com.sencha.util.LicenseUtil.verify()V+30
j  com.sencha.util.LicenseUtil.access$000()V+0
j  com.sencha.util.LicenseUtil$1.run()V+0
j  java.lang.Thread.run()V+11
v  ~StubRoutines::call_stub

---------------  P R O C E S S  ---------------

Java Threads: ( => current thread )
  0x00007f7fc3323800 JavaThread "Thread-5" daemon [_thread_blocked, id=17155, stack(0x0000700004eaf000,0x0000700004faf000)]
  0x00007f7fc3bb6000 JavaThread "Thread-4" daemon [_thread_blocked, id=16643, stack(0x0000700004dac000,0x0000700004eac000)]
  0x00007f7fc1ada000 JavaThread "Thread-3" daemon [_thread_blocked, id=16131, stack(0x0000700004ca9000,0x0000700004da9000)]
  0x00007f7fc3b4e000 JavaThread "Thread-2" daemon [_thread_blocked, id=15619, stack(0x0000700004ba6000,0x0000700004ca6000)]
=>0x00007f7fc3b45800 JavaThread "Thread-1" [_thread_in_native, id=17923, stack(0x0000700004aa3000,0x0000700004ba3000)]
  0x00007f7fc3200800 JavaThread "process reaper" daemon [_thread_blocked, id=18179, stack(0x0000700004a78000,0x0000700004aa0000)]
  0x00007f7fc3884800 JavaThread "Service Thread" daemon [_thread_blocked, id=15107, stack(0x0000700004872000,0x0000700004972000)]
  0x00007f7fc3044800 JavaThread "C1 CompilerThread2" daemon [_thread_in_native, id=14595, stack(0x000070000476f000,0x000070000486f000)]
  0x00007f7fc3029800 JavaThread "C2 CompilerThread1" daemon [_thread_in_native, id=14083, stack(0x000070000466c000,0x000070000476c000)]
  0x00007f7fc3854000 JavaThread "C2 CompilerThread0" daemon [_thread_in_native, id=13571, stack(0x0000700004569000,0x0000700004669000)]
  0x00007f7fc382e000 JavaThread "Signal Dispatcher" daemon [_thread_blocked, id=19203, stack(0x0000700004466000,0x0000700004566000)]
  0x00007f7fc382d800 JavaThread "Finalizer" daemon [_thread_blocked, id=11779, stack(0x000070000425d000,0x000070000435d000)]
  0x00007f7fc382a800 JavaThread "Reference Handler" daemon [_thread_blocked, id=11523, stack(0x000070000415a000,0x000070000425a000)]
  0x00007f7fc180f000 JavaThread "main" [_thread_in_Java, id=4099, stack(0x0000700003b48000,0x0000700003c48000)]

Other Threads:
  0x00007f7fc3022800 VMThread [stack: 0x0000700004057000,0x0000700004157000] [id=21507]
  0x00007f7fc180b800 WatcherThread [stack: 0x0000700004975000,0x0000700004a75000] [id=18691]

VM state:not at safepoint (normal execution)

VM Mutex/Monitor currently owned by a thread: None

heap address: 0x0000000740000000, size: 2048 MB, Compressed Oops mode: Zero based, Oop shift amount: 3
Narrow klass base: 0x0000000000000000, Narrow klass shift: 3
Compressed class space size: 1073741824 Address: 0x00000007c0000000

Heap:
 PSYoungGen      total 313344K, used 241752K [0x0000000795580000, 0x00000007b0d00000, 0x00000007c0000000)
  eden space 269824K, 74% used [0x0000000795580000,0x00000007a199f110,0x00000007a5d00000)
  from space 43520K, 94% used [0x00000007a5d00000,0x00000007a84f7008,0x00000007a8780000)
  to   space 49664K, 0% used [0x00000007adc80000,0x00000007adc80000,0x00000007b0d00000)
 ParOldGen       total 174080K, used 91095K [0x0000000740000000, 0x000000074aa00000, 0x0000000795580000)
  object space 174080K, 52% used [0x0000000740000000,0x00000007458f5d40,0x000000074aa00000)
 Metaspace       used 27213K, capacity 28384K, committed 28544K, reserved 1075200K
  class space    used 3204K, capacity 3624K, committed 3712K, reserved 1048576K

Card table byte_map: [0x000000010a856000,0x000000010ac57000] byte_map_base: 0x0000000106e56000

Marking Bits: (ParMarkBitMap*) 0x000000010b8bf2e8
 Begin Bits: [0x000000011c7aa000, 0x000000011e7aa000)
 End Bits:   [0x000000011e7aa000, 0x00000001207aa000)

Polling page: 0x000000010a3ce000

CodeCache: size=245760Kb used=18048Kb max_used=18048Kb free=227712Kb
 bounds [0x000000010d7aa000, 0x000000010e95a000, 0x000000011c7aa000]
 total_blobs=6083 nmethods=5633 adapters=361
 compilation: enabled

Compilation events (10 events):
Event: 10.887 Thread 0x00007f7fc3044800 nmethod 6228 0x000000010e942090 code [0x000000010e942260, 0x000000010e942648]
Event: 10.887 Thread 0x00007f7fc3044800 6242       2       jdk.nashorn.internal.codegen.AssignSymbols::findSymbol (46 bytes)
Event: 10.887 Thread 0x00007f7fc3044800 nmethod 6242 0x000000010e9429d0 code [0x000000010e942b80, 0x000000010e942fd8]
Event: 10.887 Thread 0x00007f7fc3044800 6241       2       jdk.nashorn.internal.ir.IdentNode::isInitializedHere (16 bytes)
Event: 10.888 Thread 0x00007f7fc3044800 nmethod 6241 0x000000010e9432d0 code [0x000000010e943420, 0x000000010e943590]
Event: 10.888 Thread 0x00007f7fc3044800 6229       2       jdk.nashorn.internal.parser.AbstractParser::createIdentNode (44 bytes)
Event: 10.888 Thread 0x00007f7fc3044800 nmethod 6229 0x000000010e943610 code [0x000000010e943780, 0x000000010e943a08]
Event: 10.888 Thread 0x00007f7fc3044800 6245       2       jdk.nashorn.internal.ir.IdentNode::isPropertyName (16 bytes)
Event: 10.888 Thread 0x00007f7fc3044800 nmethod 6245 0x000000010e943b10 code [0x000000010e943c60, 0x000000010e943dd0]
Event: 10.888 Thread 0x00007f7fc3044800 6243       2       jdk.nashorn.internal.ir.VarNode::getFlag (16 bytes)

GC Heap History (10 events):
Event: 5.915 GC heap before
{Heap before GC invocations=9 (full 1):
 PSYoungGen      total 146432K, used 131072K [0x0000000795580000, 0x00000007a7e80000, 0x00000007c0000000)
  eden space 131072K, 100% used [0x0000000795580000,0x000000079d580000,0x000000079d580000)
  from space 15360K, 0% used [0x000000079d580000,0x000000079d580000,0x000000079e480000)
  to   space 20992K, 0% used [0x00000007a6a00000,0x00000007a6a00000,0x00000007a7e80000)
 ParOldGen       total 86016K, used 31368K [0x0000000740000000, 0x0000000745400000, 0x0000000795580000)
  object space 86016K, 36% used [0x0000000740000000,0x0000000741ea2078,0x0000000745400000)
 Metaspace       used 23860K, capacity 24892K, committed 24960K, reserved 1071104K
  class space    used 2771K, capacity 3159K, committed 3200K, reserved 1048576K
Event: 5.944 GC heap after
Heap after GC invocations=9 (full 1):
 PSYoungGen      total 227840K, used 17410K [0x0000000795580000, 0x00000007a7b80000, 0x00000007c0000000)
  eden space 209920K, 0% used [0x0000000795580000,0x0000000795580000,0x00000007a2280000)
  from space 17920K, 97% used [0x00000007a6a00000,0x00000007a7b00a90,0x00000007a7b80000)
  to   space 22528K, 0% used [0x00000007a4f80000,0x00000007a4f80000,0x00000007a6580000)
 ParOldGen       total 86016K, used 31376K [0x0000000740000000, 0x0000000745400000, 0x0000000795580000)
  object space 86016K, 36% used [0x0000000740000000,0x0000000741ea4078,0x0000000745400000)
 Metaspace       used 23860K, capacity 24892K, committed 24960K, reserved 1071104K
  class space    used 2771K, capacity 3159K, committed 3200K, reserved 1048576K
}
Event: 7.155 GC heap before
{Heap before GC invocations=10 (full 1):
 PSYoungGen      total 227840K, used 227330K [0x0000000795580000, 0x00000007a7b80000, 0x00000007c0000000)
  eden space 209920K, 100% used [0x0000000795580000,0x00000007a2280000,0x00000007a2280000)
  from space 17920K, 97% used [0x00000007a6a00000,0x00000007a7b00a90,0x00000007a7b80000)
  to   space 22528K, 0% used [0x00000007a4f80000,0x00000007a4f80000,0x00000007a6580000)
 ParOldGen       total 86016K, used 31376K [0x0000000740000000, 0x0000000745400000, 0x0000000795580000)
  object space 86016K, 36% used [0x0000000740000000,0x0000000741ea4078,0x0000000745400000)
 Metaspace       used 26489K, capacity 27576K, committed 27776K, reserved 1073152K
  class space    used 3171K, capacity 3597K, committed 3712K, reserved 1048576K
Event: 7.197 GC heap after
Heap after GC invocations=10 (full 1):
 PSYoungGen      total 278528K, used 22509K [0x0000000795580000, 0x00000007aa400000, 0x00000007c0000000)
  eden space 256000K, 0% used [0x0000000795580000,0x0000000795580000,0x00000007a4f80000)
  from space 22528K, 99% used [0x00000007a4f80000,0x00000007a657b530,0x00000007a6580000)
  to   space 29184K, 0% used [0x00000007a8780000,0x00000007a8780000,0x00000007aa400000)
 ParOldGen       total 86016K, used 39255K [0x0000000740000000, 0x0000000745400000, 0x0000000795580000)
  object space 86016K, 45% used [0x0000000740000000,0x0000000742655f48,0x0000000745400000)
 Metaspace       used 26489K, capacity 27576K, committed 27776K, reserved 1073152K
  class space    used 3171K, capacity 3597K, committed 3712K, reserved 1048576K
}
Event: 8.124 GC heap before
{Heap before GC invocations=11 (full 1):
 PSYoungGen      total 278528K, used 278509K [0x0000000795580000, 0x00000007aa400000, 0x00000007c0000000)
  eden space 256000K, 100% used [0x0000000795580000,0x00000007a4f80000,0x00000007a4f80000)
  from space 22528K, 99% used [0x00000007a4f80000,0x00000007a657b530,0x00000007a6580000)
  to   space 29184K, 0% used [0x00000007a8780000,0x00000007a8780000,0x00000007aa400000)
 ParOldGen       total 86016K, used 39255K [0x0000000740000000, 0x0000000745400000, 0x0000000795580000)
  object space 86016K, 45% used [0x0000000740000000,0x0000000742655f48,0x0000000745400000)
 Metaspace       used 26678K, capacity 27818K, committed 28032K, reserved 1073152K
  class space    used 3175K, capacity 3602K, committed 3712K, reserved 1048576K
Event: 8.225 GC heap after
Heap after GC invocations=11 (full 1):
 PSYoungGen      total 299008K, used 29171K [0x0000000795580000, 0x00000007b0880000, 0x00000007c0000000)
  eden space 269824K, 0% used [0x0000000795580000,0x0000000795580000,0x00000007a5d00000)
  from space 29184K, 99% used [0x00000007a8780000,0x00000007aa3fcef8,0x00000007aa400000)
  to   space 43520K, 0% used [0x00000007a5d00000,0x00000007a5d00000,0x00000007a8780000)
 ParOldGen       total 86016K, used 67863K [0x0000000740000000, 0x0000000745400000, 0x0000000795580000)
  object space 86016K, 78% used [0x0000000740000000,0x0000000744245c78,0x0000000745400000)
 Metaspace       used 26678K, capacity 27818K, committed 28032K, reserved 1073152K
  class space    used 3175K, capacity 3602K, committed 3712K, reserved 1048576K
}
Event: 8.225 GC heap before
{Heap before GC invocations=12 (full 2):
 PSYoungGen      total 299008K, used 29171K [0x0000000795580000, 0x00000007b0880000, 0x00000007c0000000)
  eden space 269824K, 0% used [0x0000000795580000,0x0000000795580000,0x00000007a5d00000)
  from space 29184K, 99% used [0x00000007a8780000,0x00000007aa3fcef8,0x00000007aa400000)
  to   space 43520K, 0% used [0x00000007a5d00000,0x00000007a5d00000,0x00000007a8780000)
 ParOldGen       total 86016K, used 67863K [0x0000000740000000, 0x0000000745400000, 0x0000000795580000)
  object space 86016K, 78% used [0x0000000740000000,0x0000000744245c78,0x0000000745400000)
 Metaspace       used 26678K, capacity 27818K, committed 28032K, reserved 1073152K
  class space    used 3175K, capacity 3602K, committed 3712K, reserved 1048576K
Event: 8.575 GC heap after
Heap after GC invocations=12 (full 2):
 PSYoungGen      total 299008K, used 5086K [0x0000000795580000, 0x00000007b0880000, 0x00000007c0000000)
  eden space 269824K, 0% used [0x0000000795580000,0x0000000795580000,0x00000007a5d00000)
  from space 29184K, 17% used [0x00000007a8780000,0x00000007a8c77ae8,0x00000007aa400000)
  to   space 43520K, 0% used [0x00000007a5d00000,0x00000007a5d00000,0x00000007a8780000)
 ParOldGen       total 174080K, used 85947K [0x0000000740000000, 0x000000074aa00000, 0x0000000795580000)
  object space 174080K, 49% used [0x0000000740000000,0x00000007453eed08,0x000000074aa00000)
 Metaspace       used 26633K, capacity 27758K, committed 28032K, reserved 1073152K
  class space    used 3171K, capacity 3590K, committed 3712K, reserved 1048576K
}
Event: 9.624 GC heap before
{Heap before GC invocations=13 (full 2):
 PSYoungGen      total 299008K, used 274910K [0x0000000795580000, 0x00000007b0880000, 0x00000007c0000000)
  eden space 269824K, 100% used [0x0000000795580000,0x00000007a5d00000,0x00000007a5d00000)
  from space 29184K, 17% used [0x00000007a8780000,0x00000007a8c77ae8,0x00000007aa400000)
  to   space 43520K, 0% used [0x00000007a5d00000,0x00000007a5d00000,0x00000007a8780000)
 ParOldGen       total 174080K, used 85947K [0x0000000740000000, 0x000000074aa00000, 0x0000000795580000)
  object space 174080K, 49% used [0x0000000740000000,0x00000007453eed08,0x000000074aa00000)
 Metaspace       used 26660K, capacity 27766K, committed 28032K, reserved 1073152K
  class space    used 3171K, capacity 3590K, committed 3712K, reserved 1048576K
Event: 9.717 GC heap after
Heap after GC invocations=13 (full 2):
 PSYoungGen      total 313344K, used 40924K [0x0000000795580000, 0x00000007b0d00000, 0x00000007c0000000)
  eden space 269824K, 0% used [0x0000000795580000,0x0000000795580000,0x00000007a5d00000)
  from space 43520K, 94% used [0x00000007a5d00000,0x00000007a84f7008,0x00000007a8780000)
  to   space 49664K, 0% used [0x00000007adc80000,0x00000007adc80000,0x00000007b0d00000)
 ParOldGen       total 174080K, used 91095K [0x0000000740000000, 0x000000074aa00000, 0x0000000795580000)
  object space 174080K, 52% used [0x0000000740000000,0x00000007458f5d40,0x000000074aa00000)
 Metaspace       used 26660K, capacity 27766K, committed 28032K, reserved 1073152K
  class space    used 3171K, capacity 3590K, committed 3712K, reserved 1048576K
}

Deoptimization events (10 events):
Event: 9.880 Thread 0x00007f7fc180f000 Uncommon trap: reason=unstable_if action=reinterpret pc=0x000000010e553958 method=com.sencha.tools.compiler.ast.js.CommentNodevisitor.visit(Lcom/sencha/tools/compiler/ast/js/BaseNode;)V @ 1
Event: 10.049 Thread 0x00007f7fc180f000 Uncommon trap: reason=speculate_class_check action=maybe_recompile pc=0x000000010e88cb50 method=java.util.ArrayList.<init>(Ljava/util/Collection;)V @ 27
Event: 10.050 Thread 0x00007f7fc180f000 Uncommon trap: reason=speculate_class_check action=maybe_recompile pc=0x000000010e88cb50 method=java.util.ArrayList.<init>(Ljava/util/Collection;)V @ 27
Event: 10.509 Thread 0x00007f7fc3b45800 Uncommon trap: reason=class_check action=maybe_recompile pc=0x000000010e558d60 method=java.util.AbstractList$Itr.next()Ljava/lang/Object; @ 14
Event: 10.863 Thread 0x00007f7fc180f000 Uncommon trap: reason=class_check action=maybe_recompile pc=0x000000010e5b9d44 method=java.io.Writer.write(Ljava/lang/String;)V @ 7
Event: 10.863 Thread 0x00007f7fc180f000 Uncommon trap: reason=class_check action=maybe_recompile pc=0x000000010e5b9d44 method=java.io.Writer.write(Ljava/lang/String;)V @ 7
Event: 10.864 Thread 0x00007f7fc180f000 Uncommon trap: reason=class_check action=maybe_recompile pc=0x000000010e5b9d44 method=java.io.Writer.write(Ljava/lang/String;)V @ 7
Event: 10.867 Thread 0x00007f7fc180f000 Uncommon trap: reason=speculate_class_check action=maybe_recompile pc=0x000000010e46fa00 method=java.util.ArrayList.<init>(Ljava/util/Collection;)V @ 27
Event: 10.867 Thread 0x00007f7fc180f000 Uncommon trap: reason=unstable_if action=reinterpret pc=0x000000010e8e9010 method=java.util.ArrayList.<init>(Ljava/util/Collection;)V @ 27
Event: 10.877 Thread 0x00007f7fc180f000 Uncommon trap: reason=unstable_if action=reinterpret pc=0x000000010e043078 method=java.lang.ThreadLocal$ThreadLocalMap.set(Ljava/lang/ThreadLocal;Ljava/lang/Object;)V @ 119

Classes redefined (0 events):
No events

Internal exceptions (10 events):
Event: 10.843 Thread 0x00007f7fc180f000 Exception <a 'java/lang/ClassNotFoundException': com/sencha/command/compile/ExcludeCommandBeanInfo> (0x00000007a1069ec8) thrown at [/System/Volumes/Data/jenkins/workspace/8-2-build-macosx-x86_64/jdk8u311/1894/hotspot/src/share/vm/classfile/systemDictionar
Event: 10.843 Thread 0x00007f7fc180f000 Exception <a 'java/lang/ClassNotFoundException': com/sencha/command/compile/BaseFilterCommandBeanInfo> (0x00000007a107aca8) thrown at [/System/Volumes/Data/jenkins/workspace/8-2-build-macosx-x86_64/jdk8u311/1894/hotspot/src/share/vm/classfile/systemDictio
Event: 10.844 Thread 0x00007f7fc180f000 Exception <a 'java/lang/ClassNotFoundException': com/sencha/command/compile/BaseCompileCommandBeanInfo> (0x00000007a108be58) thrown at [/System/Volumes/Data/jenkins/workspace/8-2-build-macosx-x86_64/jdk8u311/1894/hotspot/src/share/vm/classfile/systemDicti
Event: 10.844 Thread 0x00007f7fc180f000 Exception <a 'java/lang/ClassNotFoundException': com/sencha/command/BaseSenchaCommandBeanInfo> (0x00000007a109b6d0) thrown at [/System/Volumes/Data/jenkins/workspace/8-2-build-macosx-x86_64/jdk8u311/1894/hotspot/src/share/vm/classfile/systemDictionary.cpp
Event: 10.844 Thread 0x00007f7fc180f000 Exception <a 'java/lang/ClassNotFoundException': com/sencha/cli/CommandBeanInfo> (0x00000007a10a87f8) thrown at [/System/Volumes/Data/jenkins/workspace/8-2-build-macosx-x86_64/jdk8u311/1894/hotspot/src/share/vm/classfile/systemDictionary.cpp, line 212]
Event: 10.844 Thread 0x00007f7fc180f000 Exception <a 'java/lang/ClassNotFoundException': com/sencha/cli/CommandCustomizer> (0x00000007a10b6080) thrown at [/System/Volumes/Data/jenkins/workspace/8-2-build-macosx-x86_64/jdk8u311/1894/hotspot/src/share/vm/classfile/systemDictionary.cpp, line 212]
Event: 10.845 Thread 0x00007f7fc180f000 Exception <a 'java/lang/ClassNotFoundException': com/sencha/command/BaseSenchaCommandCustomizer> (0x00000007a10c7af8) thrown at [/System/Volumes/Data/jenkins/workspace/8-2-build-macosx-x86_64/jdk8u311/1894/hotspot/src/share/vm/classfile/systemDictionary.c
Event: 10.845 Thread 0x00007f7fc180f000 Exception <a 'java/lang/ClassNotFoundException': com/sencha/command/compile/BaseCompileCommandCustomizer> (0x00000007a10e10d8) thrown at [/System/Volumes/Data/jenkins/workspace/8-2-build-macosx-x86_64/jdk8u311/1894/hotspot/src/share/vm/classfile/systemDic
Event: 10.846 Thread 0x00007f7fc180f000 Exception <a 'java/lang/ClassNotFoundException': com/sencha/command/compile/BaseFilterCommandCustomizer> (0x00000007a10f4c70) thrown at [/System/Volumes/Data/jenkins/workspace/8-2-build-macosx-x86_64/jdk8u311/1894/hotspot/src/share/vm/classfile/systemDict
Event: 10.846 Thread 0x00007f7fc180f000 Exception <a 'java/lang/ClassNotFoundException': com/sencha/command/compile/ExcludeCommandCustomizer> (0x00000007a1113df8) thrown at [/System/Volumes/Data/jenkins/workspace/8-2-build-macosx-x86_64/jdk8u311/1894/hotspot/src/share/vm/classfile/systemDiction

Events (10 events):
Event: 10.867 Thread 0x00007f7fc180f000 DEOPT PACKING pc=0x000000010e46fa00 sp=0x0000700003c42ae0
Event: 10.867 Thread 0x00007f7fc180f000 DEOPT UNPACKING pc=0x000000010d7ef7ba sp=0x0000700003c42958 mode 2
Event: 10.867 Thread 0x00007f7fc180f000 Uncommon trap: trap_request=0xffffff65 fr.pc=0x000000010e8e9010
Event: 10.867 Thread 0x00007f7fc180f000 DEOPT PACKING pc=0x000000010e8e9010 sp=0x0000700003c42ab0
Event: 10.867 Thread 0x00007f7fc180f000 DEOPT UNPACKING pc=0x000000010d7ef7ba sp=0x0000700003c42a98 mode 2
Event: 10.877 Thread 0x00007f7fc180f000 Uncommon trap: trap_request=0xffffff65 fr.pc=0x000000010e043078
Event: 10.877 Thread 0x00007f7fc180f000 DEOPT PACKING pc=0x000000010e043078 sp=0x0000700003c41d30
Event: 10.877 Thread 0x00007f7fc180f000 DEOPT UNPACKING pc=0x000000010d7ef7ba sp=0x0000700003c41ce8 mode 2
Event: 10.887 loading class phdl/Phdl
Event: 10.887 loading class phdl/Phdl done


Dynamic libraries:
0x00007ff81bb8d000 	/System/Library/Frameworks/Cocoa.framework/Versions/A/Cocoa
0x00007ff807a12000 	/System/Library/Frameworks/AppKit.framework/Versions/C/AppKit
0x00007ff80af08000 	/System/Library/Frameworks/CoreData.framework/Versions/A/CoreData
0x00007ff805e29000 	/System/Library/Frameworks/Foundation.framework/Versions/C/Foundation
0x00007ff80fcc8000 	/usr/lib/libSystem.B.dylib
0x00007ff8088a1000 	/System/Library/PrivateFrameworks/UIFoundation.framework/Versions/A/UIFoundation
0x00007ff815b3e000 	/System/Library/PrivateFrameworks/RemoteViewServices.framework/Versions/A/RemoteViewServices
0x00007ff80df2e000 	/System/Library/PrivateFrameworks/XCTTargetBootstrap.framework/Versions/A/XCTTargetBootstrap
0x00007ff811ad8000 	/System/Library/PrivateFrameworks/InternationalSupport.framework/Versions/A/InternationalSupport
0x00007ff811b62000 	/System/Library/PrivateFrameworks/UserActivity.framework/Versions/A/UserActivity
0x00007ff810eb8000 	/usr/lib/libspindump.dylib
0x00007ff808b2f000 	/System/Library/Frameworks/UniformTypeIdentifiers.framework/Versions/A/UniformTypeIdentifiers
0x00007ff80c66b000 	/usr/lib/libapp_launch_measurement.dylib
0x00007ff80b8d4000 	/System/Library/PrivateFrameworks/CoreAnalytics.framework/Versions/A/CoreAnalytics
0x00007ff80c66e000 	/System/Library/PrivateFrameworks/CoreAutoLayout.framework/Versions/A/CoreAutoLayout
0x00007ff80d88e000 	/System/Library/Frameworks/Metal.framework/Versions/A/Metal
0x00007ff80e5a4000 	/usr/lib/liblangid.dylib
0x00007ff80df32000 	/System/Library/PrivateFrameworks/CoreSVG.framework/Versions/A/CoreSVG
0x00007ff809ef6000 	/System/Library/PrivateFrameworks/SkyLight.framework/Versions/A/SkyLight
0x00007ff80a289000 	/System/Library/Frameworks/CoreGraphics.framework/Versions/A/CoreGraphics
0x00007ff8161ad000 	/System/Library/Frameworks/Accelerate.framework/Versions/A/Accelerate
0x00007ff810933000 	/System/Library/PrivateFrameworks/IconServices.framework/Versions/A/IconServices
0x00007ff80d873000 	/System/Library/Frameworks/IOSurface.framework/Versions/A/IOSurface
0x00007ff80b902000 	/usr/lib/libDiagnosticMessagesClient.dylib
0x00007ff80fbe8000 	/usr/lib/libz.1.dylib
0x00007ff81981c000 	/System/Library/Frameworks/ApplicationServices.framework/Versions/A/ApplicationServices
0x00007ff80df1a000 	/System/Library/PrivateFrameworks/DFRFoundation.framework/Versions/A/DFRFoundation
0x00007ff807303000 	/usr/lib/libicucore.A.dylib
0x00007ff8127fd000 	/System/Library/Frameworks/AudioToolbox.framework/Versions/A/AudioToolbox
0x00007ff811ae4000 	/System/Library/PrivateFrameworks/DataDetectorsCore.framework/Versions/A/DataDetectorsCore
0x00007ff90d443000 	/System/Library/PrivateFrameworks/TextInput.framework/Versions/A/TextInput
0x00007ff809e7a000 	/usr/lib/libMobileGestalt.dylib
0x00007ff80dc22000 	/System/Library/Frameworks/Carbon.framework/Versions/A/Frameworks/HIToolbox.framework/Versions/A/HIToolbox
0x00007ff80c098000 	/System/Library/Frameworks/QuartzCore.framework/Versions/A/QuartzCore
0x00007ff806fa3000 	/System/Library/Frameworks/Security.framework/Versions/A/Security
0x00007ff815b76000 	/System/Library/Frameworks/Carbon.framework/Versions/A/Frameworks/SpeechRecognition.framework/Versions/A/SpeechRecognition
0x00007ff80c3cb000 	/System/Library/PrivateFrameworks/CoreUI.framework/Versions/A/CoreUI
0x00007ff80687b000 	/System/Library/Frameworks/CoreAudio.framework/Versions/A/CoreAudio
0x00007ff80b9f0000 	/System/Library/Frameworks/DiskArbitration.framework/Versions/A/DiskArbitration
0x00007ff81129f000 	/System/Library/PrivateFrameworks/MultitouchSupport.framework/Versions/A/MultitouchSupport
0x00007ff809e79000 	/usr/lib/libenergytrace.dylib
0x00007ff8078fe000 	/System/Library/Frameworks/IOKit.framework/Versions/A/IOKit
0x00007ff815f62000 	/System/Library/Frameworks/CoreServices.framework/Versions/A/CoreServices
0x00007ff80c605000 	/System/Library/PrivateFrameworks/PerformanceAnalysis.framework/Versions/A/PerformanceAnalysis
0x00007ffa1cc0e000 	/System/Library/Frameworks/OpenGL.framework/Versions/A/OpenGL
0x00007ff80f219000 	/System/Library/PrivateFrameworks/MobileKeyBag.framework/Versions/A/MobileKeyBag
0x00007ff804dea000 	/usr/lib/libobjc.A.dylib
0x00007ff80a955000 	/System/Library/Frameworks/ColorSync.framework/Versions/A/ColorSync
0x00007ff804fa3000 	/System/Library/Frameworks/CoreFoundation.framework/Versions/A/CoreFoundation
0x00007ff80e1ab000 	/System/Library/Frameworks/CoreImage.framework/Versions/A/CoreImage
0x00007ff806691000 	/System/Library/Frameworks/CoreText.framework/Versions/A/CoreText
0x00007ff80df61000 	/System/Library/Frameworks/ImageIO.framework/Versions/A/ImageIO
0x00007ff80fcce000 	/System/Library/PrivateFrameworks/SoftLinking.framework/Versions/A/SoftLinking
0x00007ff80c6b6000 	/usr/lib/libxml2.2.dylib
0x00007ff804eb0000 	/usr/lib/libc++.1.dylib
0x00007ff80ff52000 	/usr/lib/libcompression.dylib
0x00007ff811a0e000 	/System/Library/PrivateFrameworks/TextureIO.framework/Versions/A/TextureIO
0x00007ff810645000 	/usr/lib/libate.dylib
0x00007ff80fcc3000 	/usr/lib/system/libcache.dylib
0x00007ff80fc7f000 	/usr/lib/system/libcommonCrypto.dylib
0x00007ff80fca8000 	/usr/lib/system/libcompiler_rt.dylib
0x00007ff80fc9e000 	/usr/lib/system/libcopyfile.dylib
0x00007ff804ce4000 	/usr/lib/system/libcorecrypto.dylib
0x00007ff804da3000 	/usr/lib/system/libdispatch.dylib
0x00007ff804f62000 	/usr/lib/system/libdyld.dylib
0x00007ff80fcba000 	/usr/lib/system/libkeymgr.dylib
0x00007ff80fc5d000 	/usr/lib/system/libmacho.dylib
0x00007ff80f2ed000 	/usr/lib/system/libquarantine.dylib
0x00007ff80fcb8000 	/usr/lib/system/libremovefile.dylib
0x00007ff809ec6000 	/usr/lib/system/libsystem_asl.dylib
0x00007ff804c92000 	/usr/lib/system/libsystem_blocks.dylib
0x00007ff804e27000 	/usr/lib/system/libsystem_c.dylib
0x00007ff80fcb0000 	/usr/lib/system/libsystem_collections.dylib
0x00007ff80e595000 	/usr/lib/system/libsystem_configuration.dylib
0x00007ff80d856000 	/usr/lib/system/libsystem_containermanager.dylib
0x00007ff80f99a000 	/usr/lib/system/libsystem_coreservices.dylib
0x00007ff80758c000 	/usr/lib/system/libsystem_darwin.dylib
0x00007ff80fcbb000 	/usr/lib/system/libsystem_dnssd.dylib
0x00007ff804e24000 	/usr/lib/system/libsystem_featureflags.dylib
0x00007ff804f78000 	/usr/lib/system/libsystem_info.dylib
0x00007ff80fbfb000 	/usr/lib/system/libsystem_m.dylib
0x00007ff804d77000 	/usr/lib/system/libsystem_malloc.dylib
0x00007ff809e63000 	/usr/lib/system/libsystem_networkextension.dylib
0x00007ff8079b4000 	/usr/lib/system/libsystem_notify.dylib
0x00007ff815e37000 	/usr/lib/system/libsystem_product_info_filter.dylib
0x00007ff80e599000 	/usr/lib/system/libsystem_sandbox.dylib
0x00007ff80fcb5000 	/usr/lib/system/libsystem_secinit.dylib
0x00007ff804f1f000 	/usr/lib/system/libsystem_kernel.dylib
0x00007ff804f6e000 	/usr/lib/system/libsystem_platform.dylib
0x00007ff804f56000 	/usr/lib/system/libsystem_pthread.dylib
0x00007ff80b71b000 	/usr/lib/system/libsystem_symptoms.dylib
0x00007ff804ccb000 	/usr/lib/system/libsystem_trace.dylib
0x00007ff80fc8b000 	/usr/lib/system/libunwind.dylib
0x00007ff804c94000 	/usr/lib/system/libxpc.dylib
0x00007ff804f09000 	/usr/lib/libc++abi.dylib
0x00007ff80fc96000 	/usr/lib/liboah.dylib
0x00007ff810423000 	/usr/lib/liblzma.5.dylib
0x00007ff805b3a000 	/System/Library/Frameworks/SystemConfiguration.framework/Versions/A/SystemConfiguration
0x00007ff80fcca000 	/usr/lib/libfakelink.dylib
0x00007ff8099cc000 	/System/Library/Frameworks/CFNetwork.framework/Versions/A/CFNetwork
0x00007ff80fe09000 	/usr/lib/libarchive.2.dylib
0x00007ff80e5a0000 	/System/Library/PrivateFrameworks/AppleSystemInfo.framework/Versions/A/AppleSystemInfo
0x00007ff80f314000 	/usr/lib/libbsm.0.dylib
0x00007ff809002000 	/usr/lib/libnetwork.dylib
0x00007ff80fc63000 	/usr/lib/system/libkxld.dylib
0x00007ff80ef42000 	/System/Library/PrivateFrameworks/IOMobileFramebuffer.framework/Versions/A/IOMobileFramebuffer
0x00007ffb1a9bc000 	/usr/lib/libCoreEntitlements.dylib
0x00007ff80f97c000 	/System/Library/PrivateFrameworks/AppleFSCompression.framework/Versions/A/AppleFSCompression
0x00007ff80f2fc000 	/usr/lib/libcoretls.dylib
0x00007ff81043d000 	/usr/lib/libcoretls_cfhelpers.dylib
0x00007ff80ff4d000 	/usr/lib/libpam.2.dylib
0x00007ff80b33d000 	/usr/lib/libsqlite3.dylib
0x00007ff8104ac000 	/usr/lib/libxar.1.dylib
0x00007ff80f98c000 	/usr/lib/libbz2.1.0.dylib
0x00007ff80fccf000 	/usr/lib/libpcap.A.dylib
0x00007ff80b712000 	/usr/lib/libdns_services.dylib
0x00007ff80ff1c000 	/usr/lib/libapple_nghttp2.dylib
0x00007ff80fd06000 	/usr/lib/libiconv.2.dylib
0x00007ff80fc5c000 	/usr/lib/libcharset.1.dylib
0x00007ff80c639000 	/System/Library/Frameworks/CoreServices.framework/Versions/A/Frameworks/FSEvents.framework/Versions/A/FSEvents
0x00007ff807596000 	/System/Library/Frameworks/CoreServices.framework/Versions/A/Frameworks/CarbonCore.framework/Versions/A/CarbonCore
0x00007ff80b955000 	/System/Library/Frameworks/CoreServices.framework/Versions/A/Frameworks/Metadata.framework/Versions/A/Metadata
0x00007ff80f99f000 	/System/Library/Frameworks/CoreServices.framework/Versions/A/Frameworks/OSServices.framework/Versions/A/OSServices
0x00007ff80fe90000 	/System/Library/Frameworks/CoreServices.framework/Versions/A/Frameworks/SearchKit.framework/Versions/A/SearchKit
0x00007ff80b6a4000 	/System/Library/Frameworks/CoreServices.framework/Versions/A/Frameworks/AE.framework/Versions/A/AE
0x00007ff8054a6000 	/System/Library/Frameworks/CoreServices.framework/Versions/A/Frameworks/LaunchServices.framework/Versions/A/LaunchServices
0x00007ff8103d4000 	/System/Library/Frameworks/CoreServices.framework/Versions/A/Frameworks/DictionaryServices.framework/Versions/A/DictionaryServices
0x00007ff80c646000 	/System/Library/Frameworks/CoreServices.framework/Versions/A/Frameworks/SharedFileList.framework/Versions/A/SharedFileList
0x00007ff80f2f0000 	/usr/lib/libCheckFix.dylib
0x00007ff809edd000 	/System/Library/PrivateFrameworks/TCC.framework/Versions/A/TCC
0x00007ff80e5a6000 	/System/Library/PrivateFrameworks/CoreNLP.framework/Versions/A/CoreNLP
0x00007ff80b905000 	/System/Library/PrivateFrameworks/MetadataUtilities.framework/Versions/A/MetadataUtilities
0x00007ff805bea000 	/usr/lib/libmecabra.dylib
0x00007ff80f324000 	/usr/lib/libmecab.dylib
0x00007ff805bb5000 	/usr/lib/libCRFSuite.dylib
0x00007ff80f381000 	/usr/lib/libgermantok.dylib
0x00007ff80fef7000 	/usr/lib/libThaiTokenizer.dylib
0x00007ff80b9f7000 	/System/Library/Frameworks/Accelerate.framework/Versions/A/Frameworks/vImage.framework/Versions/A/vImage
0x00007ff815f39000 	/System/Library/Frameworks/Accelerate.framework/Versions/A/Frameworks/vecLib.framework/Versions/A/vecLib
0x00007ff8104ed000 	/System/Library/Frameworks/Accelerate.framework/Versions/A/Frameworks/vecLib.framework/Versions/A/libvMisc.dylib
0x00007ff80ed60000 	/System/Library/Frameworks/Accelerate.framework/Versions/A/Frameworks/vecLib.framework/Versions/A/libvDSP.dylib
0x00007ff80581e000 	/System/Library/Frameworks/Accelerate.framework/Versions/A/Frameworks/vecLib.framework/Versions/A/libBLAS.dylib
0x00007ff81002e000 	/System/Library/Frameworks/Accelerate.framework/Versions/A/Frameworks/vecLib.framework/Versions/A/libLAPACK.dylib
0x00007ff80f384000 	/System/Library/Frameworks/Accelerate.framework/Versions/A/Frameworks/vecLib.framework/Versions/A/libLinearAlgebra.dylib
0x00007ff80ff35000 	/System/Library/Frameworks/Accelerate.framework/Versions/A/Frameworks/vecLib.framework/Versions/A/libSparseBLAS.dylib
0x00007ff810028000 	/System/Library/Frameworks/Accelerate.framework/Versions/A/Frameworks/vecLib.framework/Versions/A/libQuadrature.dylib
0x00007ff80e690000 	/System/Library/Frameworks/Accelerate.framework/Versions/A/Frameworks/vecLib.framework/Versions/A/libBNNS.dylib
0x00007ff805acb000 	/System/Library/Frameworks/Accelerate.framework/Versions/A/Frameworks/vecLib.framework/Versions/A/libSparse.dylib
0x00007ff80e689000 	/System/Library/PrivateFrameworks/LinguisticData.framework/Versions/A/LinguisticData
0x00007ff805a80000 	/System/Library/PrivateFrameworks/Lexicon.framework/Versions/A/Lexicon
0x00007ff8104e6000 	/usr/lib/libChineseTokenizer.dylib
0x00007ff8061e4000 	/System/Library/PrivateFrameworks/LanguageModeling.framework/Versions/A/LanguageModeling
0x00007ff80fef9000 	/System/Library/PrivateFrameworks/AppleSauce.framework/Versions/A/AppleSauce
0x00007ff80ef30000 	/System/Library/PrivateFrameworks/CoreEmoji.framework/Versions/A/CoreEmoji
0x00007ff80fdf8000 	/usr/lib/libcmph.dylib
0x00007ff80c61d000 	/System/Library/Frameworks/OpenDirectory.framework/Versions/A/Frameworks/CFOpenDirectory.framework/Versions/A/CFOpenDirectory
0x00007ff80c611000 	/System/Library/Frameworks/OpenDirectory.framework/Versions/A/OpenDirectory
0x00007ff81043f000 	/System/Library/PrivateFrameworks/APFS.framework/Versions/A/APFS
0x00007ff80f251000 	/System/Library/Frameworks/SecurityFoundation.framework/Versions/A/SecurityFoundation
0x00007ff8104ba000 	/usr/lib/libutil.dylib
0x00007ff8078c1000 	/System/Library/PrivateFrameworks/CoreServicesStore.framework/Versions/A/CoreServicesStore
0x00007ff8104be000 	/usr/lib/libxslt.1.dylib
0x00007ff80f2de000 	/System/Library/PrivateFrameworks/BackgroundTaskManagement.framework/Versions/A/BackgroundTaskManagement
0x00007ff81192e000 	/System/Library/Frameworks/ImageIO.framework/Versions/A/Resources/libRadiance.dylib
0x00007ff811937000 	/System/Library/Frameworks/ImageIO.framework/Versions/A/Resources/libJPEG.dylib
0x00007ff811887000 	/System/Library/Frameworks/ImageIO.framework/Versions/A/Resources/libPng.dylib
0x00007ff8118a8000 	/System/Library/Frameworks/ImageIO.framework/Versions/A/Resources/libTIFF.dylib
0x00007ff811997000 	/System/Library/Frameworks/ImageIO.framework/Versions/A/Resources/libGIF.dylib
0x00007ff8111b8000 	/System/Library/Frameworks/ImageIO.framework/Versions/A/Resources/libJP2.dylib
0x00007ff8108fa000 	/usr/lib/libexpat.1.dylib
0x00007ff81116d000 	/System/Library/PrivateFrameworks/AppleJPEG.framework/Versions/A/AppleJPEG
0x00007ff80dae9000 	/System/Library/PrivateFrameworks/FontServices.framework/libFontParser.dylib
0x00007ff80b64e000 	/System/Library/PrivateFrameworks/RunningBoardServices.framework/Versions/A/RunningBoardServices
0x00007ff81c107000 	/System/Library/PrivateFrameworks/IOSurfaceAccelerator.framework/Versions/A/IOSurfaceAccelerator
0x00007ff81129b000 	/System/Library/PrivateFrameworks/WatchdogClient.framework/Versions/A/WatchdogClient
0x00007ff8062d3000 	/System/Library/Frameworks/CoreDisplay.framework/Versions/A/CoreDisplay
0x00007ff80d9e8000 	/System/Library/Frameworks/CoreMedia.framework/Versions/A/CoreMedia
0x00007ff80d885000 	/System/Library/PrivateFrameworks/IOAccelerator.framework/Versions/A/IOAccelerator
0x00007ff80c799000 	/System/Library/Frameworks/CoreVideo.framework/Versions/A/CoreVideo
0x00007ff80ff4b000 	/System/Library/Frameworks/MetalPerformanceShaders.framework/Versions/A/MetalPerformanceShaders
0x00007ff8112d6000 	/System/Library/Frameworks/VideoToolbox.framework/Versions/A/VideoToolbox
0x00007ff80b596000 	/System/Library/PrivateFrameworks/BaseBoard.framework/Versions/A/BaseBoard
0x00007ff80b323000 	/System/Library/PrivateFrameworks/ProtocolBuffer.framework/Versions/A/ProtocolBuffer
0x00007ff811927000 	/System/Library/PrivateFrameworks/GPUWrangler.framework/Versions/A/GPUWrangler
0x00007ff81190a000 	/System/Library/PrivateFrameworks/IOPresentment.framework/Versions/A/IOPresentment
0x00007ff811931000 	/System/Library/PrivateFrameworks/DSExternalDisplay.framework/Versions/A/DSExternalDisplay
0x00007ffa1cc02000 	/System/Library/Frameworks/OpenGL.framework/Versions/A/Libraries/libCoreFSCache.dylib
0x00007ffb08ca6000 	/System/Library/PrivateFrameworks/GPUCompiler.framework/Versions/31001/Libraries/libGPUCompilerUtils.dylib
0x00007ff81199c000 	/System/Library/PrivateFrameworks/CMCaptureCore.framework/Versions/A/CMCaptureCore
0x00007ff810ea6000 	/System/Library/PrivateFrameworks/AppServerSupport.framework/Versions/A/AppServerSupport
0x00007ff813083000 	/System/Library/PrivateFrameworks/perfdata.framework/Versions/A/perfdata
0x00007ff8063ff000 	/System/Library/PrivateFrameworks/AudioToolboxCore.framework/Versions/A/AudioToolboxCore
0x00007ff80d9c5000 	/System/Library/PrivateFrameworks/caulk.framework/Versions/A/caulk
0x00007ff8129a7000 	/usr/lib/libAudioStatistics.dylib
0x00007ff909cd4000 	/System/Library/PrivateFrameworks/SystemPolicy.framework/Versions/A/SystemPolicy
0x00007ff812bfc000 	/usr/lib/libSMC.dylib
0x00007ff81ba40000 	/System/Library/Frameworks/CoreMIDI.framework/Versions/A/CoreMIDI
0x00007ff811857000 	/usr/lib/libAudioToolboxUtility.dylib
0x00007ff9060e6000 	/System/Library/PrivateFrameworks/OSAServicesClient.framework/Versions/A/OSAServicesClient
0x00007ff813090000 	/usr/lib/libperfcheck.dylib
0x00007ff90a766000 	/usr/lib/libmis.dylib
0x00007ffa1cc5e000 	/System/Library/Frameworks/OpenGL.framework/Versions/A/Libraries/libGLU.dylib
0x00007ffa1cc21000 	/System/Library/Frameworks/OpenGL.framework/Versions/A/Libraries/libGFXShared.dylib
0x00007ffa1ce2f000 	/System/Library/Frameworks/OpenGL.framework/Versions/A/Libraries/libGL.dylib
0x00007ffa1cc2a000 	/System/Library/Frameworks/OpenGL.framework/Versions/A/Libraries/libGLImage.dylib
0x00007ffa1cc1e000 	/System/Library/Frameworks/OpenGL.framework/Versions/A/Libraries/libCVMSPluginSupport.dylib
0x00007ffa1cc09000 	/System/Library/Frameworks/OpenGL.framework/Versions/A/Libraries/libCoreVMClient.dylib
0x00007ff80e524000 	/System/Library/Frameworks/MetalPerformanceShaders.framework/Versions/A/Frameworks/MPSCore.framework/Versions/A/MPSCore
0x00007ff80f8e7000 	/System/Library/Frameworks/MetalPerformanceShaders.framework/Versions/A/Frameworks/MPSImage.framework/Versions/A/MPSImage
0x00007ff80f39a000 	/System/Library/Frameworks/MetalPerformanceShaders.framework/Versions/A/Frameworks/MPSNeuralNetwork.framework/Versions/A/MPSNeuralNetwork
0x00007ff80f80f000 	/System/Library/Frameworks/MetalPerformanceShaders.framework/Versions/A/Frameworks/MPSMatrix.framework/Versions/A/MPSMatrix
0x00007ff80f5cb000 	/System/Library/Frameworks/MetalPerformanceShaders.framework/Versions/A/Frameworks/MPSRayIntersector.framework/Versions/A/MPSRayIntersector
0x00007ff80f848000 	/System/Library/Frameworks/MetalPerformanceShaders.framework/Versions/A/Frameworks/MPSNDArray.framework/Versions/A/MPSNDArray
0x00007ffa21820000 	/System/Library/Frameworks/MetalPerformanceShaders.framework/Versions/A/Frameworks/MPSFunctions.framework/Versions/A/MPSFunctions
0x00007ff805701000 	/System/Library/PrivateFrameworks/MetalTools.framework/Versions/A/MetalTools
0x00007ff80e59e000 	/System/Library/PrivateFrameworks/AggregateDictionary.framework/Versions/A/AggregateDictionary
0x00007ff8106dc000 	/usr/lib/libIOReport.dylib
0x00007ffa1e23e000 	/System/Library/Frameworks/OpenCL.framework/Versions/A/OpenCL
0x00007ff810a40000 	/System/Library/PrivateFrameworks/FaceCore.framework/Versions/A/FaceCore
0x00007ff810a31000 	/System/Library/PrivateFrameworks/GraphVisualizer.framework/Versions/A/GraphVisualizer
0x00007ffb08bb1000 	/System/Library/PrivateFrameworks/FontServices.framework/Versions/A/FontServices
0x00007ff810e5d000 	/System/Library/PrivateFrameworks/OTSVG.framework/Versions/A/OTSVG
0x00007ff80c381000 	/System/Library/Frameworks/ApplicationServices.framework/Versions/A/Frameworks/ATS.framework/Versions/A/Resources/libFontRegistry.dylib
0x00007ff810eae000 	/System/Library/PrivateFrameworks/FontServices.framework/libhvf.dylib
0x00007ffb08bb2000 	/System/Library/PrivateFrameworks/FontServices.framework/libXTFontStaticRegistryData.dylib
0x00007ff8108aa000 	/System/Library/PrivateFrameworks/AppleVA.framework/Versions/A/AppleVA
0x00007ff8129cb000 	/System/Library/Frameworks/ApplicationServices.framework/Versions/A/Frameworks/ATS.framework/Versions/A/ATS
0x00007ff80aa51000 	/System/Library/Frameworks/ApplicationServices.framework/Versions/A/Frameworks/HIServices.framework/Versions/A/HIServices
0x00007ff8119a6000 	/System/Library/Frameworks/ApplicationServices.framework/Versions/A/Frameworks/PrintCore.framework/Versions/A/PrintCore
0x00007ff812d4f000 	/System/Library/Frameworks/ApplicationServices.framework/Versions/A/Frameworks/QD.framework/Versions/A/QD
0x00007ff812d47000 	/System/Library/Frameworks/ApplicationServices.framework/Versions/A/Frameworks/ColorSyncLegacy.framework/Versions/A/ColorSyncLegacy
0x00007ff8129bb000 	/System/Library/Frameworks/ApplicationServices.framework/Versions/A/Frameworks/SpeechSynthesis.framework/Versions/A/SpeechSynthesis
0x00007ff811967000 	/System/Library/Frameworks/ApplicationServices.framework/Versions/A/Frameworks/ATSUI.framework/Versions/A/ATSUI
0x00007ff812cdc000 	/usr/lib/libcups.2.dylib
0x00007ff81309f000 	/System/Library/Frameworks/Kerberos.framework/Versions/A/Kerberos
0x00007ff8130ae000 	/System/Library/Frameworks/GSS.framework/Versions/A/GSS
0x00007ff812a37000 	/usr/lib/libresolv.9.dylib
0x00007ff810ebd000 	/System/Library/PrivateFrameworks/Heimdal.framework/Versions/A/Heimdal
0x00007ff819b97000 	/System/Library/Frameworks/Kerberos.framework/Versions/A/Libraries/libHeimdalProxy.dylib
0x00007ff80b723000 	/System/Library/Frameworks/Network.framework/Versions/A/Network
0x00007ff810914000 	/usr/lib/libheimdal-asn1.dylib
0x00007ff8130fa000 	/System/Library/PrivateFrameworks/CommonAuth.framework/Versions/A/CommonAuth
0x00007ff812938000 	/System/Library/PrivateFrameworks/AudioSession.framework/Versions/A/AudioSession
0x00007ff8109a4000 	/System/Library/PrivateFrameworks/MediaExperience.framework/Versions/A/MediaExperience
0x00007ff8127cc000 	/System/Library/PrivateFrameworks/AudioSession.framework/libSessionUtility.dylib
0x00007ff812d5b000 	/System/Library/PrivateFrameworks/AudioResourceArbitration.framework/Versions/A/AudioResourceArbitration
0x00007ff816d4c000 	/System/Library/PrivateFrameworks/PowerLog.framework/Versions/A/PowerLog
0x00007ff81091d000 	/System/Library/PrivateFrameworks/IconFoundation.framework/Versions/A/IconFoundation
0x00007ff815b66000 	/System/Library/PrivateFrameworks/SpeechRecognitionCore.framework/Versions/A/SpeechRecognitionCore
0x000000010b19b000 	/Library/Internet Plug-Ins/JavaAppletPlugin.plugin/Contents/Home/lib/server/libjvm.dylib
0x000000010a3df000 	/Library/Internet Plug-Ins/JavaAppletPlugin.plugin/Contents/Home/lib/libverify.dylib
0x000000010a423000 	/Library/Internet Plug-Ins/JavaAppletPlugin.plugin/Contents/Home/lib/libjava.dylib
0x000000010a3fd000 	/Library/Internet Plug-Ins/JavaAppletPlugin.plugin/Contents/Home/lib/libzip.dylib
0x000000010cd73000 	/private/var/folders/lt/s4fnqsfx4yzg_pgnrh8h47bh0000gp/T/libjansi-64-1.9.jnilib
0x000000010cd90000 	/Library/Internet Plug-Ins/JavaAppletPlugin.plugin/Contents/Home/lib/libnet.dylib
0x000000010cdaa000 	/Library/Internet Plug-Ins/JavaAppletPlugin.plugin/Contents/Home/lib/libnio.dylib
0x00000001231fb000 	/private/var/folders/lt/s4fnqsfx4yzg_pgnrh8h47bh0000gp/T/Update486848910517072049.dylib
0x00007ff80ef4d000 	/System/Library/Frameworks/CoreWLAN.framework/Versions/A/CoreWLAN
0x00007ff819133000 	/System/Library/PrivateFrameworks/CoreWiFi.framework/Versions/A/CoreWiFi
0x00007ff817b60000 	/System/Library/PrivateFrameworks/FrontBoardServices.framework/Versions/A/FrontBoardServices
0x00007ff817bf2000 	/System/Library/PrivateFrameworks/BoardServices.framework/Versions/A/BoardServices
0x00007ff80f240000 	/System/Library/PrivateFrameworks/AssertionServices.framework/Versions/A/AssertionServices
0x00007ff8192b7000 	/System/Library/PrivateFrameworks/BackBoardServices.framework/Versions/A/BackBoardServices

VM Arguments:
java_command: /Users/veselinb/newP/newapp/node_modules/@sencha/cmd/dist/sencha.jar app watch --web-server false desktop development
java_class_path (initial): /Users/veselinb/newP/newapp/node_modules/@sencha/cmd/dist/sencha.jar
Launcher Type: SUN_STANDARD

Environment Variables:
JAVA_HOME=/Library/Internet Plug-Ins/JavaAppletPlugin.plugin/Contents/Home
PATH=/usr/local/lib/node_modules/npm/node_modules/npm-lifecycle/node-gyp-bin:/Users/veselinb/newP/newapp/node_modules/.bin:/usr/local/lib/node_modules/npm/node_modules/npm-lifecycle/node-gyp-bin:/Users/veselinb/newP/newapp/node_modules/.bin:/usr/local/bin:/usr/bin:/bin:/usr/sbin:/sbin
SHELL=/bin/zsh

Signal Handlers:
SIGSEGV: [libjvm.dylib+0x59bd8b], sa_mask[0]=11111111011111110111111111111111, sa_flags=SA_ONSTACK|SA_RESTART|SA_SIGINFO
SIGBUS: [libjvm.dylib+0x59bd8b], sa_mask[0]=11111111011111110111111111111111, sa_flags=SA_RESTART|SA_SIGINFO
SIGFPE: [libjvm.dylib+0x59bd8b], sa_mask[0]=11111111011111110111111111111111, sa_flags=SA_RESTART|SA_SIGINFO
SIGPIPE: [libjvm.dylib+0x48f813], sa_mask[0]=11111111011111110111111111111111, sa_flags=SA_RESTART|SA_SIGINFO
SIGXFSZ: [libjvm.dylib+0x48f813], sa_mask[0]=11111111011111110111111111111111, sa_flags=SA_RESTART|SA_SIGINFO
SIGILL: [libjvm.dylib+0x59bd8b], sa_mask[0]=11111111011111110111111111111111, sa_flags=SA_RESTART|SA_SIGINFO
SIGUSR1: SIG_DFL, sa_mask[0]=00000000000000000000000000000000, sa_flags=SA_RESTART
SIGUSR2: [libjvm.dylib+0x490102], sa_mask[0]=00000000000000000000000000000000, sa_flags=SA_RESTART|SA_SIGINFO
SIGHUP: [libjvm.dylib+0x48e35f], sa_mask[0]=11111111011111110111111111111111, sa_flags=SA_RESTART|SA_SIGINFO
SIGINT: [libjvm.dylib+0x48e35f], sa_mask[0]=11111111011111110111111111111111, sa_flags=SA_RESTART|SA_SIGINFO
SIGTERM: [libjvm.dylib+0x48e35f], sa_mask[0]=11111111011111110111111111111111, sa_flags=SA_RESTART|SA_SIGINFO
SIGQUIT: [libjvm.dylib+0x48e35f], sa_mask[0]=11111111011111110111111111111111, sa_flags=SA_RESTART|SA_SIGINFO


---------------  S Y S T E M  ---------------

OS:Bsduname:Darwin 21.2.0 Darwin Kernel Version 21.2.0: Sun Nov 28 20:28:54 PST 2021; root:xnu-8019.61.5~1/RELEASE_X86_64 x86_64
rlimit: STACK 8192k, CORE 0k, NPROC 1392, NOFILE 10240, AS infinity
load average:65.41 25.65 10.09

CPU:total 4 (initial active 4) (2 cores per cpu, 2 threads per core) family 6 model 142 stepping 9, cmov, cx8, fxsr, mmx, sse, sse2, sse3, ssse3, sse4.1, sse4.2, popcnt, avx, avx2, aes, clmul, erms, rtm, 3dnowpref, lzcnt, ht, tsc, tscinvbit, bmi1, bmi2, adx

Memory: 4k page, physical 8388608k(45668k free)

/proc/meminfo:


vm_info: Java HotSpot(TM) 64-Bit Server VM (25.311-b11) for bsd-amd64 JRE (1.8.0_311-b11), built on Sep 27 2021 13:08:09 by "java_re" with gcc 4.2.1 Compatible Apple LLVM 11.0.0 (clang-1100.0.33.17)

time: Mon Jan 17 15:12:02 2022
timezone: EET
elapsed time: 10.925827 seconds (0d 0h 0m 10s)

