#
# A fatal error has been detected by the Java Runtime Environment:
#
#  SIGSEGV (0xb) at pc=0x000000010596f5f3, pid=49981, tid=0x0000000000005303
#
# JRE version: Java(TM) SE Runtime Environment (8.0_311-b11) (build 1.8.0_311-b11)
# Java VM: Java HotSpot(TM) 64-Bit Server VM (25.311-b11 mixed mode bsd-amd64 compressed oops)
# Problematic frame:
# V  [libjvm.dylib+0x2195f3]
#
# Failed to write core dump. Core dumps have been disabled. To enable core dumping, try "ulimit -c unlimited" before starting Java again
#
# If you would like to submit a bug report, please visit:
#   http://bugreport.java.com/bugreport/crash.jsp
#

---------------  T H R E A D  ---------------

Current thread (0x00007fbde300b800):  VMThread [stack: 0x000070000c04d000,0x000070000c14d000] [id=21251]

siginfo: si_signo: 11 (SIGSEGV), si_code: 0 (unknown), si_addr: 0x0000000000000000

Registers:
RAX=0x0000000000000000, RBX=0x00007fbde60eaa20, RCX=0x0000000000000002, RDX=0x0000000050a0088b
RSP=0x000070000c14c780, RBP=0x000070000c14c790, RSI=0x000060000384d9e0, RDI=0x732f2f3a70747468
R8 =0x00000000000019e0, R9 =0x0000000000000030, R10=0x00000000000007fb, R11=0x0000000000000155
R12=0x0000000105e38367, R13=0x0000000105e68a20, R14=0x000060000230da80, R15=0x000000000000036d
RIP=0x000000010596f5f3, EFLAGS=0x0000000000010202, ERR=0x0000000000000000
  TRAPNO=0x000000000000000d

Top of Stack: (sp=0x000070000c14c780)
0x000070000c14c780:   00007fbde75eba40 000060000230da80
0x000070000c14c790:   000070000c14c7d0 000000010596f757
0x000070000c14c7a0:   0000000000000001 0000000000000001
0x000070000c14c7b0:   000070000c14c8a0 0000000105e7a4a0
0x000070000c14c7c0:   0000000105e7a4a0 000070000c14c828
0x000070000c14c7d0:   000070000c14c7f0 0000000105c91a2d
0x000070000c14c7e0:   000070000c14c858 0000000105e7a3d0
0x000070000c14c7f0:   000070000c14c990 0000000105c1fe0b
0x000070000c14c800:   0000000105d56a56 0000000000000100
0x000070000c14c810:   0000000105e7a368 0000000183040a15
0x000070000c14c820:   0000000376ce0b70 0000000105d254aa
0x000070000c14c830:   000070000c140100 0000000105e7a368
0x000070000c14c840:   0000000186ca5e94 000000037f807800
0x000070000c14c850:   000070000c14c940 0000000000000000
0x000070000c14c860:   00000000000002db 00000000000001bd
0x000070000c14c870:   0000000000000007 0000000105e2ed48
0x000070000c14c880:   000070000c14c800 00007fbde2c048f0
0x000070000c14c890:   0000000105e2ed30 00007fbde2c048f0
0x000070000c14c8a0:   0000000000000000 00000000000002db
0x000070000c14c8b0:   00000000000001bd 0000000000000007
0x000070000c14c8c0:   00000000000000a0 0000000105e310e0
0x000070000c14c8d0:   0000700000000004 000060000361c100
0x000070000c14c8e0:   0000000000000c00 0000000000000000
0x000070000c14c8f0:   0000000000000000 0000600000d04200
0x000070000c14c900:   00007fbde180b800 000070000c14cb01
0x000070000c14c910:   000070000c14c901 000070000bc3da18
0x000070000c14c920:   0000000100000004 00000001142f3710
0x000070000c14c930:   0000700000000000 000070000bc3dac0
0x000070000c14c940:   000070000bc3da58 00007fbde180b800
0x000070000c14c950:   000070000c14c960 0000000105be36e7
0x000070000c14c960:   ed94dc4b9165006d 0000000000000000
0x000070000c14c970:   0000600001d0d030 000060000230a4c0 

Instructions: (pc=0x000000010596f5f3)
0x000000010596f5d3:   d8 48 83 c4 08 5b 41 5e 41 5f 5d c3 90 55 48 89
0x000000010596f5e3:   e5 41 56 53 48 89 f3 49 89 fe 48 8b 7e 18 eb 15
0x000000010596f5f3:   48 8b 07 48 89 43 18 be 01 00 00 00 e8 72 12 27
0x000000010596f603:   00 48 8b 7b 18 48 85 ff 75 e6 49 8b 46 10 48 89 

Register to memory mapping:

RAX=0x0000000000000000 is an unknown value
RBX=0x00007fbde60eaa20 is an unknown value
RCX=0x0000000000000002 is an unknown value
RDX=0x0000000050a0088b is an unknown value
RSP=0x000070000c14c780 is an unknown value
RBP=0x000070000c14c790 is an unknown value
RSI=0x000060000384d9e0 is an unknown value
RDI=0x732f2f3a70747468 is an unknown value
R8 =0x00000000000019e0 is an unknown value
R9 =0x0000000000000030 is an unknown value
R10=0x00000000000007fb is an unknown value
R11=0x0000000000000155 is an unknown value
R12=0x0000000105e38367: ClassUnloading+0 in /Library/Internet Plug-Ins/JavaAppletPlugin.plugin/Contents/Home/lib/server/libjvm.dylib at 0x0000000105756000
R13=0x0000000105e68a20: _ZN15ClassLoaderData27_the_null_class_loader_dataE+0 in /Library/Internet Plug-Ins/JavaAppletPlugin.plugin/Contents/Home/lib/server/libjvm.dylib at 0x0000000105756000
R14=0x000060000230da80 is an unknown value
R15=0x000000000000036d is an unknown value


Stack: [0x000070000c04d000,0x000070000c14d000],  sp=0x000070000c14c780,  free space=1021k
Native frames: (J=compiled Java code, j=interpreted, Vv=VM code, C=native code)
V  [libjvm.dylib+0x2195f3]
V  [libjvm.dylib+0x219757]
V  [libjvm.dylib+0x53ba2d]
V  [libjvm.dylib+0x4c9e0b]
V  [libjvm.dylib+0x4c937f]
V  [libjvm.dylib+0x4cd6d9]
V  [libjvm.dylib+0x4a2d9d]
V  [libjvm.dylib+0x59c79f]
V  [libjvm.dylib+0x5a1436]
V  [libjvm.dylib+0x5a09d9]
V  [libjvm.dylib+0x5a041d]
V  [libjvm.dylib+0x5a0258]
V  [libjvm.dylib+0x48d487]
C  [libsystem_pthread.dylib+0x6514]  _pthread_start+0x7d
C  [libsystem_pthread.dylib+0x202f]  thread_start+0xf

VM_Operation (0x000070000bc37400): ParallelGCFailedAllocation, mode: safepoint, requested by thread 0x00007fbde180b800


---------------  P R O C E S S  ---------------

Java Threads: ( => current thread )
  0x00007fbde3292800 JavaThread "Thread-5" daemon [_thread_blocked, id=14595, stack(0x000070000cea5000,0x000070000cfa5000)]
  0x00007fbde2254800 JavaThread "Thread-4" daemon [_thread_blocked, id=14083, stack(0x000070000cda2000,0x000070000cea2000)]
  0x00007fbde39a0000 JavaThread "Thread-3" daemon [_thread_blocked, id=15107, stack(0x000070000cc9f000,0x000070000cd9f000)]
  0x00007fbde1c37000 JavaThread "process reaper" daemon [_thread_blocked, id=15619, stack(0x000070000cc74000,0x000070000cc9c000)]
  0x00007fbde3982000 JavaThread "Thread-2" daemon [_thread_blocked, id=13571, stack(0x000070000cb71000,0x000070000cc71000)]
  0x00007fbde1b13800 JavaThread "Thread-1" [_thread_in_native, id=13315, stack(0x000070000ca6e000,0x000070000cb6e000)]
  0x00007fbde301f800 JavaThread "Service Thread" daemon [_thread_blocked, id=17155, stack(0x000070000c868000,0x000070000c968000)]
  0x00007fbde1878800 JavaThread "C1 CompilerThread2" daemon [_thread_blocked, id=13059, stack(0x000070000c765000,0x000070000c865000)]
  0x00007fbde301e800 JavaThread "C2 CompilerThread1" daemon [_thread_blocked, id=17923, stack(0x000070000c662000,0x000070000c762000)]
  0x00007fbde2046800 JavaThread "C2 CompilerThread0" daemon [_thread_blocked, id=18435, stack(0x000070000c55f000,0x000070000c65f000)]
  0x00007fbde2045800 JavaThread "Signal Dispatcher" daemon [_thread_blocked, id=18691, stack(0x000070000c45c000,0x000070000c55c000)]
  0x00007fbde1839000 JavaThread "Finalizer" daemon [_thread_blocked, id=11267, stack(0x000070000c253000,0x000070000c353000)]
  0x00007fbde202c800 JavaThread "Reference Handler" daemon [_thread_blocked, id=20739, stack(0x000070000c150000,0x000070000c250000)]
  0x00007fbde180b800 JavaThread "main" [_thread_blocked, id=3843, stack(0x000070000bb3e000,0x000070000bc3e000)]

Other Threads:
=>0x00007fbde300b800 VMThread [stack: 0x000070000c04d000,0x000070000c14d000] [id=21251]
  0x00007fbde200b800 WatcherThread [stack: 0x000070000c96b000,0x000070000ca6b000] [id=16643]

VM state:at safepoint (normal execution)

VM Mutex/Monitor currently owned by a thread:  ([mutex/lock_event])
[0x000060000180de80] Threads_lock - owner thread: 0x00007fbde300b800
[0x000060000180e380] Heap_lock - owner thread: 0x00007fbde180b800

heap address: 0x0000000740000000, size: 2048 MB, Compressed Oops mode: Zero based, Oop shift amount: 3
Narrow klass base: 0x0000000000000000, Narrow klass shift: 3
Compressed class space size: 1073741824 Address: 0x00000007c0000000

Heap:
 PSYoungGen      total 303104K, used 29173K [0x0000000795580000, 0x00000007b0d00000, 0x00000007c0000000)
  eden space 273920K, 0% used [0x0000000795580000,0x0000000795580000,0x00000007a6100000)
  from space 29184K, 99% used [0x00000007a8c00000,0x00000007aa87d758,0x00000007aa880000)
  to   space 44032K, 0% used [0x00000007a6100000,0x00000007a6100000,0x00000007a8c00000)
 ParOldGen       total 86016K, used 67907K [0x0000000740000000, 0x0000000745400000, 0x0000000795580000)
  object space 86016K, 78% used [0x0000000740000000,0x0000000744250f80,0x0000000745400000)
 Metaspace       used 26850K, capacity 27982K, committed 28288K, reserved 1073152K
  class space    used 3192K, capacity 3634K, committed 3712K, reserved 1048576K

Card table byte_map: [0x0000000104e11000,0x0000000105212000] byte_map_base: 0x0000000101411000

Marking Bits: (ParMarkBitMap*) 0x0000000105e7a2e8
 Begin Bits: [0x000000010655c000, 0x000000010855c000)
 End Bits:   [0x000000010855c000, 0x000000010a55c000)

Polling page: 0x0000000104989000

CodeCache: size=245760Kb used=15408Kb max_used=16551Kb free=230351Kb
 bounds [0x00000001142f3000, 0x0000000115373000, 0x00000001232f3000]
 total_blobs=5616 nmethods=5166 adapters=361
 compilation: enabled

Compilation events (10 events):
Event: 6.332 Thread 0x00007fbde1878800 5739       2       jdk.nashorn.internal.ir.FunctionNode::<init> (116 bytes)
Event: 6.333 Thread 0x00007fbde1878800 nmethod 5739 0x00000001146883d0 code [0x0000000114688540, 0x0000000114688888]
Event: 6.333 Thread 0x00007fbde1878800 5741       2       jdk.nashorn.internal.runtime.logging.DebugLogger::quote (133 bytes)
Event: 6.334 Thread 0x00007fbde1878800 nmethod 5741 0x0000000114648390 code [0x00000001146485e0, 0x00000001146490f8]
Event: 6.334 Thread 0x00007fbde1878800 5740       2       jdk.nashorn.internal.ir.Symbol::<init> (55 bytes)
Event: 6.335 Thread 0x00007fbde1878800 nmethod 5740 0x0000000114793c90 code [0x0000000114793e40, 0x0000000114794208]
Event: 6.335 Thread 0x00007fbde1878800 5742       2       jdk.nashorn.internal.codegen.Label::<init> (23 bytes)
Event: 6.335 Thread 0x00007fbde1878800 nmethod 5742 0x0000000114793910 code [0x0000000114793a60, 0x0000000114793bf0]
Event: 6.379 Thread 0x00007fbde1878800 5745       1       com.sencha.tools.compiler.ast.js.Infix::setOperator (6 bytes)
Event: 6.379 Thread 0x00007fbde1878800 nmethod 5745 0x0000000114481a90 code [0x0000000114481be0, 0x0000000114481d10]

GC Heap History (10 events):
Event: 3.405 GC heap after
Heap after GC invocations=7 (full 0):
 PSYoungGen      total 147456K, used 16361K [0x0000000795580000, 0x00000007a7f80000, 0x00000007c0000000)
  eden space 131072K, 0% used [0x0000000795580000,0x0000000795580000,0x000000079d580000)
  from space 16384K, 99% used [0x000000079d580000,0x000000079e57a730,0x000000079e580000)
  to   space 21504K, 0% used [0x00000007a6a80000,0x00000007a6a80000,0x00000007a7f80000)
 ParOldGen       total 87552K, used 23974K [0x0000000740000000, 0x0000000745580000, 0x0000000795580000)
  object space 87552K, 27% used [0x0000000740000000,0x0000000741769b48,0x0000000745580000)
 Metaspace       used 20640K, capacity 21210K, committed 21296K, reserved 1069056K
  class space    used 2418K, capacity 2675K, committed 2688K, reserved 1048576K
}
Event: 3.405 GC heap before
{Heap before GC invocations=8 (full 1):
 PSYoungGen      total 147456K, used 16361K [0x0000000795580000, 0x00000007a7f80000, 0x00000007c0000000)
  eden space 131072K, 0% used [0x0000000795580000,0x0000000795580000,0x000000079d580000)
  from space 16384K, 99% used [0x000000079d580000,0x000000079e57a730,0x000000079e580000)
  to   space 21504K, 0% used [0x00000007a6a80000,0x00000007a6a80000,0x00000007a7f80000)
 ParOldGen       total 87552K, used 23974K [0x0000000740000000, 0x0000000745580000, 0x0000000795580000)
  object space 87552K, 27% used [0x0000000740000000,0x0000000741769b48,0x0000000745580000)
 Metaspace       used 20640K, capacity 21210K, committed 21296K, reserved 1069056K
  class space    used 2418K, capacity 2675K, committed 2688K, reserved 1048576K
Event: 3.501 GC heap after
Heap after GC invocations=8 (full 1):
 PSYoungGen      total 147456K, used 0K [0x0000000795580000, 0x00000007a7f80000, 0x00000007c0000000)
  eden space 131072K, 0% used [0x0000000795580000,0x0000000795580000,0x000000079d580000)
  from space 16384K, 0% used [0x000000079d580000,0x000000079d580000,0x000000079e580000)
  to   space 21504K, 0% used [0x00000007a6a80000,0x00000007a6a80000,0x00000007a7f80000)
 ParOldGen       total 86016K, used 31368K [0x0000000740000000, 0x0000000745400000, 0x0000000795580000)
  object space 86016K, 36% used [0x0000000740000000,0x0000000741ea2298,0x0000000745400000)
 Metaspace       used 20640K, capacity 21210K, committed 21296K, reserved 1069056K
  class space    used 2418K, capacity 2675K, committed 2688K, reserved 1048576K
}
Event: 4.559 GC heap before
{Heap before GC invocations=9 (full 1):
 PSYoungGen      total 147456K, used 131072K [0x0000000795580000, 0x00000007a7f80000, 0x00000007c0000000)
  eden space 131072K, 100% used [0x0000000795580000,0x000000079d580000,0x000000079d580000)
  from space 16384K, 0% used [0x000000079d580000,0x000000079d580000,0x000000079e580000)
  to   space 21504K, 0% used [0x00000007a6a80000,0x00000007a6a80000,0x00000007a7f80000)
 ParOldGen       total 86016K, used 31368K [0x0000000740000000, 0x0000000745400000, 0x0000000795580000)
  object space 86016K, 36% used [0x0000000740000000,0x0000000741ea2298,0x0000000745400000)
 Metaspace       used 23940K, capacity 24896K, committed 24960K, reserved 1071104K
  class space    used 2786K, capacity 3159K, committed 3200K, reserved 1048576K
Event: 4.593 GC heap after
Heap after GC invocations=9 (full 1):
 PSYoungGen      total 229888K, used 17702K [0x0000000795580000, 0x00000007a7c00000, 0x00000007c0000000)
  eden space 211968K, 0% used [0x0000000795580000,0x0000000795580000,0x00000007a2480000)
  from space 17920K, 98% used [0x00000007a6a80000,0x00000007a7bc9b68,0x00000007a7c00000)
  to   space 23040K, 0% used [0x00000007a4f00000,0x00000007a4f00000,0x00000007a6580000)
 ParOldGen       total 86016K, used 31376K [0x0000000740000000, 0x0000000745400000, 0x0000000795580000)
  object space 86016K, 36% used [0x0000000740000000,0x0000000741ea4298,0x0000000745400000)
 Metaspace       used 23940K, capacity 24896K, committed 24960K, reserved 1071104K
  class space    used 2786K, capacity 3159K, committed 3200K, reserved 1048576K
}
Event: 5.659 GC heap before
{Heap before GC invocations=10 (full 1):
 PSYoungGen      total 229888K, used 229670K [0x0000000795580000, 0x00000007a7c00000, 0x00000007c0000000)
  eden space 211968K, 100% used [0x0000000795580000,0x00000007a2480000,0x00000007a2480000)
  from space 17920K, 98% used [0x00000007a6a80000,0x00000007a7bc9b68,0x00000007a7c00000)
  to   space 23040K, 0% used [0x00000007a4f00000,0x00000007a4f00000,0x00000007a6580000)
 ParOldGen       total 86016K, used 31376K [0x0000000740000000, 0x0000000745400000, 0x0000000795580000)
  object space 86016K, 36% used [0x0000000740000000,0x0000000741ea4298,0x0000000745400000)
 Metaspace       used 26718K, capacity 27880K, committed 28032K, reserved 1073152K
  class space    used 3188K, capacity 3629K, committed 3712K, reserved 1048576K
Event: 5.696 GC heap after
Heap after GC invocations=10 (full 1):
 PSYoungGen      total 278528K, used 23017K [0x0000000795580000, 0x00000007aa880000, 0x00000007c0000000)
  eden space 255488K, 0% used [0x0000000795580000,0x0000000795580000,0x00000007a4f00000)
  from space 23040K, 99% used [0x00000007a4f00000,0x00000007a657a6c0,0x00000007a6580000)
  to   space 29184K, 0% used [0x00000007a8c00000,0x00000007a8c00000,0x00000007aa880000)
 ParOldGen       total 86016K, used 39143K [0x0000000740000000, 0x0000000745400000, 0x0000000795580000)
  object space 86016K, 45% used [0x0000000740000000,0x0000000742639f98,0x0000000745400000)
 Metaspace       used 26718K, capacity 27880K, committed 28032K, reserved 1073152K
  class space    used 3188K, capacity 3629K, committed 3712K, reserved 1048576K
}
Event: 6.396 GC heap before
{Heap before GC invocations=11 (full 1):
 PSYoungGen      total 278528K, used 278505K [0x0000000795580000, 0x00000007aa880000, 0x00000007c0000000)
  eden space 255488K, 100% used [0x0000000795580000,0x00000007a4f00000,0x00000007a4f00000)
  from space 23040K, 99% used [0x00000007a4f00000,0x00000007a657a6c0,0x00000007a6580000)
  to   space 29184K, 0% used [0x00000007a8c00000,0x00000007a8c00000,0x00000007aa880000)
 ParOldGen       total 86016K, used 39143K [0x0000000740000000, 0x0000000745400000, 0x0000000795580000)
  object space 86016K, 45% used [0x0000000740000000,0x0000000742639f98,0x0000000745400000)
 Metaspace       used 26850K, capacity 27982K, committed 28288K, reserved 1073152K
  class space    used 3192K, capacity 3634K, committed 3712K, reserved 1048576K
Event: 6.493 GC heap after
Heap after GC invocations=11 (full 1):
 PSYoungGen      total 303104K, used 29173K [0x0000000795580000, 0x00000007b0d00000, 0x00000007c0000000)
  eden space 273920K, 0% used [0x0000000795580000,0x0000000795580000,0x00000007a6100000)
  from space 29184K, 99% used [0x00000007a8c00000,0x00000007aa87d758,0x00000007aa880000)
  to   space 44032K, 0% used [0x00000007a6100000,0x00000007a6100000,0x00000007a8c00000)
 ParOldGen       total 86016K, used 67907K [0x0000000740000000, 0x0000000745400000, 0x0000000795580000)
  object space 86016K, 78% used [0x0000000740000000,0x0000000744250f80,0x0000000745400000)
 Metaspace       used 26850K, capacity 27982K, committed 28288K, reserved 1073152K
  class space    used 3192K, capacity 3634K, committed 3712K, reserved 1048576K
}
Event: 6.493 GC heap before
{Heap before GC invocations=12 (full 2):
 PSYoungGen      total 303104K, used 29173K [0x0000000795580000, 0x00000007b0d00000, 0x00000007c0000000)
  eden space 273920K, 0% used [0x0000000795580000,0x0000000795580000,0x00000007a6100000)
  from space 29184K, 99% used [0x00000007a8c00000,0x00000007aa87d758,0x00000007aa880000)
  to   space 44032K, 0% used [0x00000007a6100000,0x00000007a6100000,0x00000007a8c00000)
 ParOldGen       total 86016K, used 67907K [0x0000000740000000, 0x0000000745400000, 0x0000000795580000)
  object space 86016K, 78% used [0x0000000740000000,0x0000000744250f80,0x0000000745400000)
 Metaspace       used 26850K, capacity 27982K, committed 28288K, reserved 1073152K
  class space    used 3192K, capacity 3634K, committed 3712K, reserved 1048576K

Deoptimization events (10 events):
Event: 5.439 Thread 0x00007fbde180b800 Uncommon trap: reason=class_check action=maybe_recompile pc=0x000000011527a964 method=com.sencha.tools.compiler.ast.js.CommentNodevisitor.visit(Lcom/sencha/tools/compiler/ast/js/BaseNode;)V @ 42
Event: 5.442 Thread 0x00007fbde180b800 Uncommon trap: reason=class_check action=maybe_recompile pc=0x000000011527a964 method=com.sencha.tools.compiler.ast.js.CommentNodevisitor.visit(Lcom/sencha/tools/compiler/ast/js/BaseNode;)V @ 42
Event: 5.446 Thread 0x00007fbde180b800 Uncommon trap: reason=class_check action=maybe_recompile pc=0x000000011527a964 method=com.sencha.tools.compiler.ast.js.CommentNodevisitor.visit(Lcom/sencha/tools/compiler/ast/js/BaseNode;)V @ 42
Event: 5.449 Thread 0x00007fbde180b800 Uncommon trap: reason=class_check action=maybe_recompile pc=0x000000011527a964 method=com.sencha.tools.compiler.ast.js.CommentNodevisitor.visit(Lcom/sencha/tools/compiler/ast/js/BaseNode;)V @ 42
Event: 5.764 Thread 0x00007fbde180b800 Uncommon trap: reason=unstable_if action=reinterpret pc=0x00000001144fbab0 method=com.google.javascript.jscomp.parsing.parser.Parser.eatIdOrKeywordAsId()Lcom/google/javascript/jscomp/parsing/parser/IdentifierToken; @ 12
Event: 5.784 Thread 0x00007fbde180b800 Uncommon trap: reason=unstable_if action=reinterpret pc=0x000000011464ea90 method=java.util.regex.Pattern$Ctype.isSatisfiedBy(I)Z @ 4
Event: 5.794 Thread 0x00007fbde180b800 Uncommon trap: reason=unstable_if action=reinterpret pc=0x00000001146ce2a0 method=java.util.regex.Pattern$BitClass.isSatisfiedBy(I)Z @ 4
Event: 5.815 Thread 0x00007fbde180b800 Uncommon trap: reason=unstable_if action=reinterpret pc=0x0000000114601ce4 method=com.sencha.tools.compiler.ast.BasicClosureConverter.createNodeFromToken(Lcom/google/javascript/jscomp/parsing/parser/Token;)Lcom/sencha/tools/compiler/ast/js/BaseNode; @ 221
Event: 5.880 Thread 0x00007fbde180b800 Uncommon trap: reason=null_check action=make_not_entrant pc=0x0000000114cd4164 method=com.sencha.tools.compiler.jsb.statements.Parser.parseStatement(Ljava/lang/String;)Lcom/sencha/tools/compiler/jsb/statements/Statement$Data; @ 76
Event: 6.011 Thread 0x00007fbde180b800 Uncommon trap: reason=unstable_if action=reinterpret pc=0x00000001152a96bc method=com.sencha.tools.compiler.ast.BasicClosureConverter.doConvert(Lcom/google/javascript/jscomp/parsing/parser/trees/ParseTree;Lcom/sencha/tools/compiler/ast/js/BaseNode;)Lcom/s

Classes redefined (0 events):
No events

Internal exceptions (10 events):
Event: 4.748 Thread 0x00007fbde180b800 Exception <a 'java/lang/ClassNotFoundException': com/sencha/command/compile/app/BaseAppCompileCommandBeanInfo> (0x0000000798419678) thrown at [/System/Volumes/Data/jenkins/workspace/8-2-build-macosx-x86_64/jdk8u311/1894/hotspot/src/share/vm/classfile/syst
Event: 4.748 Thread 0x00007fbde180b800 Exception <a 'java/lang/ClassNotFoundException': com/sencha/command/compile/BaseCompileCommandBeanInfo> (0x000000079842a8f8) thrown at [/System/Volumes/Data/jenkins/workspace/8-2-build-macosx-x86_64/jdk8u311/1894/hotspot/src/share/vm/classfile/systemDicti
Event: 4.749 Thread 0x00007fbde180b800 Exception <a 'java/lang/ClassNotFoundException': com/sencha/command/BaseSenchaCommandBeanInfo> (0x000000079843a170) thrown at [/System/Volumes/Data/jenkins/workspace/8-2-build-macosx-x86_64/jdk8u311/1894/hotspot/src/share/vm/classfile/systemDictionary.cpp
Event: 4.749 Thread 0x00007fbde180b800 Exception <a 'java/lang/ClassNotFoundException': com/sencha/cli/CommandBeanInfo> (0x0000000798447298) thrown at [/System/Volumes/Data/jenkins/workspace/8-2-build-macosx-x86_64/jdk8u311/1894/hotspot/src/share/vm/classfile/systemDictionary.cpp, line 212]
Event: 4.749 Thread 0x00007fbde180b800 Exception <a 'java/lang/ClassNotFoundException': com/sencha/cli/CommandCustomizer> (0x0000000798454a40) thrown at [/System/Volumes/Data/jenkins/workspace/8-2-build-macosx-x86_64/jdk8u311/1894/hotspot/src/share/vm/classfile/systemDictionary.cpp, line 212]
Event: 4.750 Thread 0x00007fbde180b800 Exception <a 'java/lang/ClassNotFoundException': com/sencha/command/BaseSenchaCommandCustomizer> (0x0000000798467858) thrown at [/System/Volumes/Data/jenkins/workspace/8-2-build-macosx-x86_64/jdk8u311/1894/hotspot/src/share/vm/classfile/systemDictionary.c
Event: 4.750 Thread 0x00007fbde180b800 Exception <a 'java/lang/ClassNotFoundException': com/sencha/command/compile/BaseCompileCommandCustomizer> (0x0000000798482100) thrown at [/System/Volumes/Data/jenkins/workspace/8-2-build-macosx-x86_64/jdk8u311/1894/hotspot/src/share/vm/classfile/systemDic
Event: 4.751 Thread 0x00007fbde180b800 Exception <a 'java/lang/ClassNotFoundException': com/sencha/command/compile/app/BaseAppCompileCommandCustomizer> (0x0000000798498788) thrown at [/System/Volumes/Data/jenkins/workspace/8-2-build-macosx-x86_64/jdk8u311/1894/hotspot/src/share/vm/classfile/sy
Event: 4.751 Thread 0x00007fbde180b800 Exception <a 'java/lang/ClassNotFoundException': com/sencha/command/compile/app/LoadAppCommandCustomizer> (0x00000007984acf90) thrown at [/System/Volumes/Data/jenkins/workspace/8-2-build-macosx-x86_64/jdk8u311/1894/hotspot/src/share/vm/classfile/systemDic
Event: 4.787 Thread 0x00007fbde180b800 Implicit null exception at 0x0000000114b08cf6 to 0x0000000114b08f76

Events (10 events):
Event: 5.880 Thread 0x00007fbde180b800 DEOPT PACKING pc=0x0000000114cd4164 sp=0x000070000bc37750
Event: 5.880 Thread 0x00007fbde180b800 DEOPT UNPACKING pc=0x00000001143387ba sp=0x000070000bc37738 mode 2
Event: 6.011 Thread 0x00007fbde180b800 Uncommon trap: trap_request=0xffffff65 fr.pc=0x00000001152a96bc
Event: 6.011 Thread 0x00007fbde180b800 DEOPT PACKING pc=0x00000001152a96bc sp=0x000070000bc36560
Event: 6.011 Thread 0x00007fbde180b800 DEOPT UNPACKING pc=0x00000001143387ba sp=0x000070000bc36548 mode 2
Event: 6.051 Thread 0x00007fbde180b800 DEOPT PACKING pc=0x000000011444b2b7 sp=0x000070000bc376a0
Event: 6.051 Thread 0x00007fbde180b800 DEOPT UNPACKING pc=0x000000011433a804 sp=0x000070000bc37428 mode 0
Event: 6.231 Thread 0x00007fbde180b800 DEOPT PACKING pc=0x00000001148aa865 sp=0x000070000bc376c0
Event: 6.231 Thread 0x00007fbde180b800 DEOPT UNPACKING pc=0x000000011433a804 sp=0x000070000bc37438 mode 0
Event: 6.396 Executing VM operation: ParallelGCFailedAllocation


Dynamic libraries:
0x00007ff82a69e000 	/System/Library/Frameworks/Cocoa.framework/Versions/A/Cocoa
0x00007ff8164dc000 	/System/Library/Frameworks/AppKit.framework/Versions/C/AppKit
0x00007ff8199c9000 	/System/Library/Frameworks/CoreData.framework/Versions/A/CoreData
0x00007ff8148f7000 	/System/Library/Frameworks/Foundation.framework/Versions/C/Foundation
0x00007ff81e83e000 	/usr/lib/libSystem.B.dylib
0x00007ff817369000 	/System/Library/PrivateFrameworks/UIFoundation.framework/Versions/A/UIFoundation
0x00007ff824676000 	/System/Library/PrivateFrameworks/RemoteViewServices.framework/Versions/A/RemoteViewServices
0x00007ff81c9ea000 	/System/Library/PrivateFrameworks/XCTTargetBootstrap.framework/Versions/A/XCTTargetBootstrap
0x00007ff82064d000 	/System/Library/PrivateFrameworks/InternationalSupport.framework/Versions/A/InternationalSupport
0x00007ff8206d7000 	/System/Library/PrivateFrameworks/UserActivity.framework/Versions/A/UserActivity
0x00007ff81fa2d000 	/usr/lib/libspindump.dylib
0x00007ff8175f7000 	/System/Library/Frameworks/UniformTypeIdentifiers.framework/Versions/A/UniformTypeIdentifiers
0x00007ff81b129000 	/usr/lib/libapp_launch_measurement.dylib
0x00007ff81a393000 	/System/Library/PrivateFrameworks/CoreAnalytics.framework/Versions/A/CoreAnalytics
0x00007ff81b12c000 	/System/Library/PrivateFrameworks/CoreAutoLayout.framework/Versions/A/CoreAutoLayout
0x00007ff81c34b000 	/System/Library/Frameworks/Metal.framework/Versions/A/Metal
0x00007ff81d060000 	/usr/lib/liblangid.dylib
0x00007ff81c9ee000 	/System/Library/PrivateFrameworks/CoreSVG.framework/Versions/A/CoreSVG
0x00007ff8189b9000 	/System/Library/PrivateFrameworks/SkyLight.framework/Versions/A/SkyLight
0x00007ff818d4a000 	/System/Library/Frameworks/CoreGraphics.framework/Versions/A/CoreGraphics
0x00007ff824ce1000 	/System/Library/Frameworks/Accelerate.framework/Versions/A/Accelerate
0x00007ff81f4a8000 	/System/Library/PrivateFrameworks/IconServices.framework/Versions/A/IconServices
0x00007ff81c330000 	/System/Library/Frameworks/IOSurface.framework/Versions/A/IOSurface
0x00007ff81a3c1000 	/usr/lib/libDiagnosticMessagesClient.dylib
0x00007ff81e75e000 	/usr/lib/libz.1.dylib
0x00007ff828340000 	/System/Library/Frameworks/ApplicationServices.framework/Versions/A/ApplicationServices
0x00007ff81c9d6000 	/System/Library/PrivateFrameworks/DFRFoundation.framework/Versions/A/DFRFoundation
0x00007ff815dcd000 	/usr/lib/libicucore.A.dylib
0x00007ff82136f000 	/System/Library/Frameworks/AudioToolbox.framework/Versions/A/AudioToolbox
0x00007ff820659000 	/System/Library/PrivateFrameworks/DataDetectorsCore.framework/Versions/A/DataDetectorsCore
0x00007ff91be9f000 	/System/Library/PrivateFrameworks/TextInput.framework/Versions/A/TextInput
0x00007ff81893c000 	/usr/lib/libMobileGestalt.dylib
0x00007ff81c6de000 	/System/Library/Frameworks/Carbon.framework/Versions/A/Frameworks/HIToolbox.framework/Versions/A/HIToolbox
0x00007ff81ab57000 	/System/Library/Frameworks/QuartzCore.framework/Versions/A/QuartzCore
0x00007ff815a6e000 	/System/Library/Frameworks/Security.framework/Versions/A/Security
0x00007ff8246ae000 	/System/Library/Frameworks/Carbon.framework/Versions/A/Frameworks/SpeechRecognition.framework/Versions/A/SpeechRecognition
0x00007ff81ae89000 	/System/Library/PrivateFrameworks/CoreUI.framework/Versions/A/CoreUI
0x00007ff815348000 	/System/Library/Frameworks/CoreAudio.framework/Versions/A/CoreAudio
0x00007ff81a4af000 	/System/Library/Frameworks/DiskArbitration.framework/Versions/A/DiskArbitration
0x00007ff81fe14000 	/System/Library/PrivateFrameworks/MultitouchSupport.framework/Versions/A/MultitouchSupport
0x00007ff81893b000 	/usr/lib/libenergytrace.dylib
0x00007ff8163c8000 	/System/Library/Frameworks/IOKit.framework/Versions/A/IOKit
0x00007ff824a98000 	/System/Library/Frameworks/CoreServices.framework/Versions/A/CoreServices
0x00007ff81b0c3000 	/System/Library/PrivateFrameworks/PerformanceAnalysis.framework/Versions/A/PerformanceAnalysis
0x00007ffa2b460000 	/System/Library/Frameworks/OpenGL.framework/Versions/A/OpenGL
0x00007ff81dd96000 	/System/Library/PrivateFrameworks/MobileKeyBag.framework/Versions/A/MobileKeyBag
0x00007ff8138b8000 	/usr/lib/libobjc.A.dylib
0x00007ff819416000 	/System/Library/Frameworks/ColorSync.framework/Versions/A/ColorSync
0x00007ff813a71000 	/System/Library/Frameworks/CoreFoundation.framework/Versions/A/CoreFoundation
0x00007ff81cc67000 	/System/Library/Frameworks/CoreImage.framework/Versions/A/CoreImage
0x00007ff81515e000 	/System/Library/Frameworks/CoreText.framework/Versions/A/CoreText
0x00007ff81ca1d000 	/System/Library/Frameworks/ImageIO.framework/Versions/A/ImageIO
0x00007ff81e844000 	/System/Library/PrivateFrameworks/SoftLinking.framework/Versions/A/SoftLinking
0x00007ff81b174000 	/usr/lib/libxml2.2.dylib
0x00007ff81397e000 	/usr/lib/libc++.1.dylib
0x00007ff81eac7000 	/usr/lib/libcompression.dylib
0x00007ff820583000 	/System/Library/PrivateFrameworks/TextureIO.framework/Versions/A/TextureIO
0x00007ff81f1ba000 	/usr/lib/libate.dylib
0x00007ff81e839000 	/usr/lib/system/libcache.dylib
0x00007ff81e7f5000 	/usr/lib/system/libcommonCrypto.dylib
0x00007ff81e81e000 	/usr/lib/system/libcompiler_rt.dylib
0x00007ff81e814000 	/usr/lib/system/libcopyfile.dylib
0x00007ff8137b2000 	/usr/lib/system/libcorecrypto.dylib
0x00007ff813871000 	/usr/lib/system/libdispatch.dylib
0x00007ff813a30000 	/usr/lib/system/libdyld.dylib
0x00007ff81e830000 	/usr/lib/system/libkeymgr.dylib
0x00007ff81e7d3000 	/usr/lib/system/libmacho.dylib
0x00007ff81de6a000 	/usr/lib/system/libquarantine.dylib
0x00007ff81e82e000 	/usr/lib/system/libremovefile.dylib
0x00007ff818988000 	/usr/lib/system/libsystem_asl.dylib
0x00007ff813760000 	/usr/lib/system/libsystem_blocks.dylib
0x00007ff8138f5000 	/usr/lib/system/libsystem_c.dylib
0x00007ff81e826000 	/usr/lib/system/libsystem_collections.dylib
0x00007ff81d051000 	/usr/lib/system/libsystem_configuration.dylib
0x00007ff81c313000 	/usr/lib/system/libsystem_containermanager.dylib
0x00007ff81e512000 	/usr/lib/system/libsystem_coreservices.dylib
0x00007ff816056000 	/usr/lib/system/libsystem_darwin.dylib
0x00007ff81e831000 	/usr/lib/system/libsystem_dnssd.dylib
0x00007ff8138f2000 	/usr/lib/system/libsystem_featureflags.dylib
0x00007ff813a46000 	/usr/lib/system/libsystem_info.dylib
0x00007ff81e771000 	/usr/lib/system/libsystem_m.dylib
0x00007ff813845000 	/usr/lib/system/libsystem_malloc.dylib
0x00007ff818925000 	/usr/lib/system/libsystem_networkextension.dylib
0x00007ff81647e000 	/usr/lib/system/libsystem_notify.dylib
0x00007ff82496f000 	/usr/lib/system/libsystem_product_info_filter.dylib
0x00007ff81d055000 	/usr/lib/system/libsystem_sandbox.dylib
0x00007ff81e82b000 	/usr/lib/system/libsystem_secinit.dylib
0x00007ff8139ed000 	/usr/lib/system/libsystem_kernel.dylib
0x00007ff813a3c000 	/usr/lib/system/libsystem_platform.dylib
0x00007ff813a24000 	/usr/lib/system/libsystem_pthread.dylib
0x00007ff81a1d9000 	/usr/lib/system/libsystem_symptoms.dylib
0x00007ff813799000 	/usr/lib/system/libsystem_trace.dylib
0x00007ff81e801000 	/usr/lib/system/libunwind.dylib
0x00007ff813762000 	/usr/lib/system/libxpc.dylib
0x00007ff8139d7000 	/usr/lib/libc++abi.dylib
0x00007ff81e80c000 	/usr/lib/liboah.dylib
0x00007ff81ef98000 	/usr/lib/liblzma.5.dylib
0x00007ff814608000 	/System/Library/Frameworks/SystemConfiguration.framework/Versions/A/SystemConfiguration
0x00007ff81e840000 	/usr/lib/libfakelink.dylib
0x00007ff81848f000 	/System/Library/Frameworks/CFNetwork.framework/Versions/A/CFNetwork
0x00007ff81e97f000 	/usr/lib/libarchive.2.dylib
0x00007ff81d05c000 	/System/Library/PrivateFrameworks/AppleSystemInfo.framework/Versions/A/AppleSystemInfo
0x00007ff81de90000 	/usr/lib/libbsm.0.dylib
0x00007ff817ac6000 	/usr/lib/libnetwork.dylib
0x00007ff81e7d9000 	/usr/lib/system/libkxld.dylib
0x00007ff81dabf000 	/System/Library/PrivateFrameworks/IOMobileFramebuffer.framework/Versions/A/IOMobileFramebuffer
0x00007ffb28f49000 	/usr/lib/libCoreEntitlements.dylib
0x00007ff81e4f4000 	/System/Library/PrivateFrameworks/AppleFSCompression.framework/Versions/A/AppleFSCompression
0x00007ff81de79000 	/usr/lib/libcoretls.dylib
0x00007ff81efb2000 	/usr/lib/libcoretls_cfhelpers.dylib
0x00007ff81eac2000 	/usr/lib/libpam.2.dylib
0x00007ff819dfb000 	/usr/lib/libsqlite3.dylib
0x00007ff81f021000 	/usr/lib/libxar.1.dylib
0x00007ff81e504000 	/usr/lib/libbz2.1.0.dylib
0x00007ff81e845000 	/usr/lib/libpcap.A.dylib
0x00007ff81a1d0000 	/usr/lib/libdns_services.dylib
0x00007ff81ea91000 	/usr/lib/libapple_nghttp2.dylib
0x00007ff81e87c000 	/usr/lib/libiconv.2.dylib
0x00007ff81e7d2000 	/usr/lib/libcharset.1.dylib
0x00007ff81b0f7000 	/System/Library/Frameworks/CoreServices.framework/Versions/A/Frameworks/FSEvents.framework/Versions/A/FSEvents
0x00007ff816060000 	/System/Library/Frameworks/CoreServices.framework/Versions/A/Frameworks/CarbonCore.framework/Versions/A/CarbonCore
0x00007ff81a414000 	/System/Library/Frameworks/CoreServices.framework/Versions/A/Frameworks/Metadata.framework/Versions/A/Metadata
0x00007ff81e517000 	/System/Library/Frameworks/CoreServices.framework/Versions/A/Frameworks/OSServices.framework/Versions/A/OSServices
0x00007ff81ea05000 	/System/Library/Frameworks/CoreServices.framework/Versions/A/Frameworks/SearchKit.framework/Versions/A/SearchKit
0x00007ff81a162000 	/System/Library/Frameworks/CoreServices.framework/Versions/A/Frameworks/AE.framework/Versions/A/AE
0x00007ff813f74000 	/System/Library/Frameworks/CoreServices.framework/Versions/A/Frameworks/LaunchServices.framework/Versions/A/LaunchServices
0x00007ff81ef49000 	/System/Library/Frameworks/CoreServices.framework/Versions/A/Frameworks/DictionaryServices.framework/Versions/A/DictionaryServices
0x00007ff81b104000 	/System/Library/Frameworks/CoreServices.framework/Versions/A/Frameworks/SharedFileList.framework/Versions/A/SharedFileList
0x00007ff81de6d000 	/usr/lib/libCheckFix.dylib
0x00007ff81899f000 	/System/Library/PrivateFrameworks/TCC.framework/Versions/A/TCC
0x00007ff81d062000 	/System/Library/PrivateFrameworks/CoreNLP.framework/Versions/A/CoreNLP
0x00007ff81a3c4000 	/System/Library/PrivateFrameworks/MetadataUtilities.framework/Versions/A/MetadataUtilities
0x00007ff8146b8000 	/usr/lib/libmecabra.dylib
0x00007ff81dea0000 	/usr/lib/libmecab.dylib
0x00007ff814683000 	/usr/lib/libCRFSuite.dylib
0x00007ff81defd000 	/usr/lib/libgermantok.dylib
0x00007ff81ea6c000 	/usr/lib/libThaiTokenizer.dylib
0x00007ff81a4b6000 	/System/Library/Frameworks/Accelerate.framework/Versions/A/Frameworks/vImage.framework/Versions/A/vImage
0x00007ff824a6f000 	/System/Library/Frameworks/Accelerate.framework/Versions/A/Frameworks/vecLib.framework/Versions/A/vecLib
0x00007ff81f062000 	/System/Library/Frameworks/Accelerate.framework/Versions/A/Frameworks/vecLib.framework/Versions/A/libvMisc.dylib
0x00007ff81d8dd000 	/System/Library/Frameworks/Accelerate.framework/Versions/A/Frameworks/vecLib.framework/Versions/A/libvDSP.dylib
0x00007ff8142ec000 	/System/Library/Frameworks/Accelerate.framework/Versions/A/Frameworks/vecLib.framework/Versions/A/libBLAS.dylib
0x00007ff81eba3000 	/System/Library/Frameworks/Accelerate.framework/Versions/A/Frameworks/vecLib.framework/Versions/A/libLAPACK.dylib
0x00007ff81df00000 	/System/Library/Frameworks/Accelerate.framework/Versions/A/Frameworks/vecLib.framework/Versions/A/libLinearAlgebra.dylib
0x00007ff81eaaa000 	/System/Library/Frameworks/Accelerate.framework/Versions/A/Frameworks/vecLib.framework/Versions/A/libSparseBLAS.dylib
0x00007ff81eb9d000 	/System/Library/Frameworks/Accelerate.framework/Versions/A/Frameworks/vecLib.framework/Versions/A/libQuadrature.dylib
0x00007ff81d14c000 	/System/Library/Frameworks/Accelerate.framework/Versions/A/Frameworks/vecLib.framework/Versions/A/libBNNS.dylib
0x00007ff814599000 	/System/Library/Frameworks/Accelerate.framework/Versions/A/Frameworks/vecLib.framework/Versions/A/libSparse.dylib
0x00007ff81d145000 	/System/Library/PrivateFrameworks/LinguisticData.framework/Versions/A/LinguisticData
0x00007ff81454e000 	/System/Library/PrivateFrameworks/Lexicon.framework/Versions/A/Lexicon
0x00007ff81f05b000 	/usr/lib/libChineseTokenizer.dylib
0x00007ff814cb2000 	/System/Library/PrivateFrameworks/LanguageModeling.framework/Versions/A/LanguageModeling
0x00007ff81ea6e000 	/System/Library/PrivateFrameworks/AppleSauce.framework/Versions/A/AppleSauce
0x00007ff81daad000 	/System/Library/PrivateFrameworks/CoreEmoji.framework/Versions/A/CoreEmoji
0x00007ff81e96e000 	/usr/lib/libcmph.dylib
0x00007ff81b0db000 	/System/Library/Frameworks/OpenDirectory.framework/Versions/A/Frameworks/CFOpenDirectory.framework/Versions/A/CFOpenDirectory
0x00007ff81b0cf000 	/System/Library/Frameworks/OpenDirectory.framework/Versions/A/OpenDirectory
0x00007ff81efb4000 	/System/Library/PrivateFrameworks/APFS.framework/Versions/A/APFS
0x00007ff81ddce000 	/System/Library/Frameworks/SecurityFoundation.framework/Versions/A/SecurityFoundation
0x00007ff81f02f000 	/usr/lib/libutil.dylib
0x00007ff81638b000 	/System/Library/PrivateFrameworks/CoreServicesStore.framework/Versions/A/CoreServicesStore
0x00007ff81f033000 	/usr/lib/libxslt.1.dylib
0x00007ff81de5b000 	/System/Library/PrivateFrameworks/BackgroundTaskManagement.framework/Versions/A/BackgroundTaskManagement
0x00007ff8204a3000 	/System/Library/Frameworks/ImageIO.framework/Versions/A/Resources/libRadiance.dylib
0x00007ff8204ac000 	/System/Library/Frameworks/ImageIO.framework/Versions/A/Resources/libJPEG.dylib
0x00007ff8203fc000 	/System/Library/Frameworks/ImageIO.framework/Versions/A/Resources/libPng.dylib
0x00007ff82041d000 	/System/Library/Frameworks/ImageIO.framework/Versions/A/Resources/libTIFF.dylib
0x00007ff82050c000 	/System/Library/Frameworks/ImageIO.framework/Versions/A/Resources/libGIF.dylib
0x00007ff81fd2d000 	/System/Library/Frameworks/ImageIO.framework/Versions/A/Resources/libJP2.dylib
0x00007ff81f46f000 	/usr/lib/libexpat.1.dylib
0x00007ff81fce2000 	/System/Library/PrivateFrameworks/AppleJPEG.framework/Versions/A/AppleJPEG
0x00007ff81c5a5000 	/System/Library/PrivateFrameworks/FontServices.framework/libFontParser.dylib
0x00007ff81a10c000 	/System/Library/PrivateFrameworks/RunningBoardServices.framework/Versions/A/RunningBoardServices
0x00007ff82ac0f000 	/System/Library/PrivateFrameworks/IOSurfaceAccelerator.framework/Versions/A/IOSurfaceAccelerator
0x00007ff81fe10000 	/System/Library/PrivateFrameworks/WatchdogClient.framework/Versions/A/WatchdogClient
0x00007ff814da1000 	/System/Library/Frameworks/CoreDisplay.framework/Versions/A/CoreDisplay
0x00007ff81c4a5000 	/System/Library/Frameworks/CoreMedia.framework/Versions/A/CoreMedia
0x00007ff81c342000 	/System/Library/PrivateFrameworks/IOAccelerator.framework/Versions/A/IOAccelerator
0x00007ff81b257000 	/System/Library/Frameworks/CoreVideo.framework/Versions/A/CoreVideo
0x00007ff81eac0000 	/System/Library/Frameworks/MetalPerformanceShaders.framework/Versions/A/MetalPerformanceShaders
0x00007ff81fe4b000 	/System/Library/Frameworks/VideoToolbox.framework/Versions/A/VideoToolbox
0x00007ff81a054000 	/System/Library/PrivateFrameworks/BaseBoard.framework/Versions/A/BaseBoard
0x00007ff819de1000 	/System/Library/PrivateFrameworks/ProtocolBuffer.framework/Versions/A/ProtocolBuffer
0x00007ff82049c000 	/System/Library/PrivateFrameworks/GPUWrangler.framework/Versions/A/GPUWrangler
0x00007ff82047f000 	/System/Library/PrivateFrameworks/IOPresentment.framework/Versions/A/IOPresentment
0x00007ff8204a6000 	/System/Library/PrivateFrameworks/DSExternalDisplay.framework/Versions/A/DSExternalDisplay
0x00007ffa2b454000 	/System/Library/Frameworks/OpenGL.framework/Versions/A/Libraries/libCoreFSCache.dylib
0x00007ffb17548000 	/System/Library/PrivateFrameworks/GPUCompiler.framework/Versions/31001/Libraries/libGPUCompilerUtils.dylib
0x00007ff820511000 	/System/Library/PrivateFrameworks/CMCaptureCore.framework/Versions/A/CMCaptureCore
0x00007ff81fa1b000 	/System/Library/PrivateFrameworks/AppServerSupport.framework/Versions/A/AppServerSupport
0x00007ff821bec000 	/System/Library/PrivateFrameworks/perfdata.framework/Versions/A/perfdata
0x00007ff814ecd000 	/System/Library/PrivateFrameworks/AudioToolboxCore.framework/Versions/A/AudioToolboxCore
0x00007ff81c482000 	/System/Library/PrivateFrameworks/caulk.framework/Versions/A/caulk
0x00007ff821519000 	/usr/lib/libAudioStatistics.dylib
0x00007ff91875e000 	/System/Library/PrivateFrameworks/SystemPolicy.framework/Versions/A/SystemPolicy
0x00007ff821765000 	/usr/lib/libSMC.dylib
0x00007ff82a551000 	/System/Library/Frameworks/CoreMIDI.framework/Versions/A/CoreMIDI
0x00007ff8203cc000 	/usr/lib/libAudioToolboxUtility.dylib
0x00007ff914be6000 	/System/Library/PrivateFrameworks/OSAServicesClient.framework/Versions/A/OSAServicesClient
0x00007ff821bf9000 	/usr/lib/libperfcheck.dylib
0x00007ff9191ea000 	/usr/lib/libmis.dylib
0x00007ffa2b4b0000 	/System/Library/Frameworks/OpenGL.framework/Versions/A/Libraries/libGLU.dylib
0x00007ffa2b473000 	/System/Library/Frameworks/OpenGL.framework/Versions/A/Libraries/libGFXShared.dylib
0x00007ffa2b681000 	/System/Library/Frameworks/OpenGL.framework/Versions/A/Libraries/libGL.dylib
0x00007ffa2b47c000 	/System/Library/Frameworks/OpenGL.framework/Versions/A/Libraries/libGLImage.dylib
0x00007ffa2b470000 	/System/Library/Frameworks/OpenGL.framework/Versions/A/Libraries/libCVMSPluginSupport.dylib
0x00007ffa2b45b000 	/System/Library/Frameworks/OpenGL.framework/Versions/A/Libraries/libCoreVMClient.dylib
0x00007ff81cfe0000 	/System/Library/Frameworks/MetalPerformanceShaders.framework/Versions/A/Frameworks/MPSCore.framework/Versions/A/MPSCore
0x00007ff81e45f000 	/System/Library/Frameworks/MetalPerformanceShaders.framework/Versions/A/Frameworks/MPSImage.framework/Versions/A/MPSImage
0x00007ff81df16000 	/System/Library/Frameworks/MetalPerformanceShaders.framework/Versions/A/Frameworks/MPSNeuralNetwork.framework/Versions/A/MPSNeuralNetwork
0x00007ff81e38b000 	/System/Library/Frameworks/MetalPerformanceShaders.framework/Versions/A/Frameworks/MPSMatrix.framework/Versions/A/MPSMatrix
0x00007ff81e147000 	/System/Library/Frameworks/MetalPerformanceShaders.framework/Versions/A/Frameworks/MPSRayIntersector.framework/Versions/A/MPSRayIntersector
0x00007ff81e3c4000 	/System/Library/Frameworks/MetalPerformanceShaders.framework/Versions/A/Frameworks/MPSNDArray.framework/Versions/A/MPSNDArray
0x00007ffa30059000 	/System/Library/Frameworks/MetalPerformanceShaders.framework/Versions/A/Frameworks/MPSFunctions.framework/Versions/A/MPSFunctions
0x00007ff8141cf000 	/System/Library/PrivateFrameworks/MetalTools.framework/Versions/A/MetalTools
0x00007ff81d05a000 	/System/Library/PrivateFrameworks/AggregateDictionary.framework/Versions/A/AggregateDictionary
0x00007ff81f251000 	/usr/lib/libIOReport.dylib
0x00007ffa2ca90000 	/System/Library/Frameworks/OpenCL.framework/Versions/A/OpenCL
0x00007ff81f5b5000 	/System/Library/PrivateFrameworks/FaceCore.framework/Versions/A/FaceCore
0x00007ff81f5a6000 	/System/Library/PrivateFrameworks/GraphVisualizer.framework/Versions/A/GraphVisualizer
0x00007ffb17453000 	/System/Library/PrivateFrameworks/FontServices.framework/Versions/A/FontServices
0x00007ff81f9d2000 	/System/Library/PrivateFrameworks/OTSVG.framework/Versions/A/OTSVG
0x00007ff81ae3f000 	/System/Library/Frameworks/ApplicationServices.framework/Versions/A/Frameworks/ATS.framework/Versions/A/Resources/libFontRegistry.dylib
0x00007ff81fa23000 	/System/Library/PrivateFrameworks/FontServices.framework/libhvf.dylib
0x00007ffb17454000 	/System/Library/PrivateFrameworks/FontServices.framework/libXTFontStaticRegistryData.dylib
0x00007ff81f41f000 	/System/Library/PrivateFrameworks/AppleVA.framework/Versions/A/AppleVA
0x00007ff821539000 	/System/Library/Frameworks/ApplicationServices.framework/Versions/A/Frameworks/ATS.framework/Versions/A/ATS
0x00007ff819512000 	/System/Library/Frameworks/ApplicationServices.framework/Versions/A/Frameworks/HIServices.framework/Versions/A/HIServices
0x00007ff82051b000 	/System/Library/Frameworks/ApplicationServices.framework/Versions/A/Frameworks/PrintCore.framework/Versions/A/PrintCore
0x00007ff8218b8000 	/System/Library/Frameworks/ApplicationServices.framework/Versions/A/Frameworks/QD.framework/Versions/A/QD
0x00007ff8218b0000 	/System/Library/Frameworks/ApplicationServices.framework/Versions/A/Frameworks/ColorSyncLegacy.framework/Versions/A/ColorSyncLegacy
0x00007ff821529000 	/System/Library/Frameworks/ApplicationServices.framework/Versions/A/Frameworks/SpeechSynthesis.framework/Versions/A/SpeechSynthesis
0x00007ff8204dc000 	/System/Library/Frameworks/ApplicationServices.framework/Versions/A/Frameworks/ATSUI.framework/Versions/A/ATSUI
0x00007ff821845000 	/usr/lib/libcups.2.dylib
0x00007ff821c08000 	/System/Library/Frameworks/Kerberos.framework/Versions/A/Kerberos
0x00007ff821c17000 	/System/Library/Frameworks/GSS.framework/Versions/A/GSS
0x00007ff8215a5000 	/usr/lib/libresolv.9.dylib
0x00007ff81fa32000 	/System/Library/PrivateFrameworks/Heimdal.framework/Versions/A/Heimdal
0x00007ff8286bb000 	/System/Library/Frameworks/Kerberos.framework/Versions/A/Libraries/libHeimdalProxy.dylib
0x00007ff81a1e1000 	/System/Library/Frameworks/Network.framework/Versions/A/Network
0x00007ff81f489000 	/usr/lib/libheimdal-asn1.dylib
0x00007ff821c62000 	/System/Library/PrivateFrameworks/CommonAuth.framework/Versions/A/CommonAuth
0x00007ff8214aa000 	/System/Library/PrivateFrameworks/AudioSession.framework/Versions/A/AudioSession
0x00007ff81f519000 	/System/Library/PrivateFrameworks/MediaExperience.framework/Versions/A/MediaExperience
0x00007ff82133e000 	/System/Library/PrivateFrameworks/AudioSession.framework/libSessionUtility.dylib
0x00007ff8218c4000 	/System/Library/PrivateFrameworks/AudioResourceArbitration.framework/Versions/A/AudioResourceArbitration
0x00007ff81f492000 	/System/Library/PrivateFrameworks/IconFoundation.framework/Versions/A/IconFoundation
0x00007ff82469e000 	/System/Library/PrivateFrameworks/SpeechRecognitionCore.framework/Versions/A/SpeechRecognitionCore
0x0000000105756000 	/Library/Internet Plug-Ins/JavaAppletPlugin.plugin/Contents/Home/lib/server/libjvm.dylib
0x000000010499a000 	/Library/Internet Plug-Ins/JavaAppletPlugin.plugin/Contents/Home/lib/libverify.dylib
0x00000001049de000 	/Library/Internet Plug-Ins/JavaAppletPlugin.plugin/Contents/Home/lib/libjava.dylib
0x00000001049b8000 	/Library/Internet Plug-Ins/JavaAppletPlugin.plugin/Contents/Home/lib/libzip.dylib
0x000000010cf73000 	/private/var/folders/lt/s4fnqsfx4yzg_pgnrh8h47bh0000gp/T/libjansi-64-1.9.jnilib
0x000000010cf90000 	/Library/Internet Plug-Ins/JavaAppletPlugin.plugin/Contents/Home/lib/libnet.dylib
0x000000010cfaa000 	/Library/Internet Plug-Ins/JavaAppletPlugin.plugin/Contents/Home/lib/libnio.dylib
0x000000010e1e3000 	/private/var/folders/lt/s4fnqsfx4yzg_pgnrh8h47bh0000gp/T/Update4149806778738804616.dylib
0x00007ff81daca000 	/System/Library/Frameworks/CoreWLAN.framework/Versions/A/CoreWLAN
0x00007ff827c59000 	/System/Library/PrivateFrameworks/CoreWiFi.framework/Versions/A/CoreWiFi
0x00007ff82668e000 	/System/Library/PrivateFrameworks/FrontBoardServices.framework/Versions/A/FrontBoardServices
0x00007ff826720000 	/System/Library/PrivateFrameworks/BoardServices.framework/Versions/A/BoardServices
0x00007ff81ddbd000 	/System/Library/PrivateFrameworks/AssertionServices.framework/Versions/A/AssertionServices
0x00007ff827ddd000 	/System/Library/PrivateFrameworks/BackBoardServices.framework/Versions/A/BackBoardServices

VM Arguments:
java_command: /Users/veselinb/newP/newapp/node_modules/@sencha/cmd/dist/sencha.jar app watch --web-server false desktop development
java_class_path (initial): /Users/veselinb/newP/newapp/node_modules/@sencha/cmd/dist/sencha.jar
Launcher Type: SUN_STANDARD

Environment Variables:
JAVA_HOME=/Library/Internet Plug-Ins/JavaAppletPlugin.plugin/Contents/Home
PATH=/usr/local/lib/node_modules/npm/node_modules/npm-lifecycle/node-gyp-bin:/Users/veselinb/newP/newapp/node_modules/.bin:/usr/local/lib/node_modules/npm/node_modules/npm-lifecycle/node-gyp-bin:/Users/veselinb/newP/newapp/node_modules/.bin:/usr/local/bin:/usr/bin:/bin:/usr/sbin:/sbin
SHELL=/bin/zsh

Signal Handlers:
SIGSEGV: [libjvm.dylib+0x59bd8b], sa_mask[0]=11111111011111110111111111111111, sa_flags=SA_ONSTACK|SA_RESTART|SA_SIGINFO
SIGBUS: [libjvm.dylib+0x59bd8b], sa_mask[0]=11111111011111110111111111111111, sa_flags=SA_RESTART|SA_SIGINFO
SIGFPE: [libjvm.dylib+0x59bd8b], sa_mask[0]=11111111011111110111111111111111, sa_flags=SA_RESTART|SA_SIGINFO
SIGPIPE: [libjvm.dylib+0x48f813], sa_mask[0]=11111111011111110111111111111111, sa_flags=SA_RESTART|SA_SIGINFO
SIGXFSZ: [libjvm.dylib+0x48f813], sa_mask[0]=11111111011111110111111111111111, sa_flags=SA_RESTART|SA_SIGINFO
SIGILL: [libjvm.dylib+0x59bd8b], sa_mask[0]=11111111011111110111111111111111, sa_flags=SA_RESTART|SA_SIGINFO
SIGUSR1: SIG_DFL, sa_mask[0]=00000000000000000000000000000000, sa_flags=SA_RESTART
SIGUSR2: [libjvm.dylib+0x490102], sa_mask[0]=00000000000000000000000000000000, sa_flags=SA_RESTART|SA_SIGINFO
SIGHUP: [libjvm.dylib+0x48e35f], sa_mask[0]=11111111011111110111111111111111, sa_flags=SA_RESTART|SA_SIGINFO
SIGINT: [libjvm.dylib+0x48e35f], sa_mask[0]=11111111011111110111111111111111, sa_flags=SA_RESTART|SA_SIGINFO
SIGTERM: [libjvm.dylib+0x48e35f], sa_mask[0]=11111111011111110111111111111111, sa_flags=SA_RESTART|SA_SIGINFO
SIGQUIT: [libjvm.dylib+0x48e35f], sa_mask[0]=11111111011111110111111111111111, sa_flags=SA_RESTART|SA_SIGINFO


---------------  S Y S T E M  ---------------

OS:Bsduname:Darwin 21.1.0 Darwin Kernel Version 21.1.0: Wed Oct 13 17:33:23 PDT 2021; root:xnu-8019.41.5~1/RELEASE_X86_64 x86_64
rlimit: STACK 8192k, CORE 0k, NPROC 1392, NOFILE 10240, AS infinity
load average:7.54 13.96 10.05

CPU:total 4 (initial active 4) (2 cores per cpu, 2 threads per core) family 6 model 142 stepping 9, cmov, cx8, fxsr, mmx, sse, sse2, sse3, ssse3, sse4.1, sse4.2, popcnt, avx, avx2, aes, clmul, erms, rtm, 3dnowpref, lzcnt, ht, tsc, tscinvbit, bmi1, bmi2, adx

Memory: 4k page, physical 8388608k(24900k free)

/proc/meminfo:


vm_info: Java HotSpot(TM) 64-Bit Server VM (25.311-b11) for bsd-amd64 JRE (1.8.0_311-b11), built on Sep 27 2021 13:08:09 by "java_re" with gcc 4.2.1 Compatible Apple LLVM 11.0.0 (clang-1100.0.33.17)

time: Mon Jan 17 10:18:22 2022
timezone: EET
elapsed time: 6.577890 seconds (0d 0h 0m 6s)

